ARM GAS  C:\Users\dhous\AppData\Local\Temp\ccdSZlMB.s 			page 1


   1              		.syntax unified
   2              		.cpu cortex-m3
   3              		.fpu softvfp
   4              		.eabi_attribute 20, 1
   5              		.eabi_attribute 21, 1
   6              		.eabi_attribute 23, 3
   7              		.eabi_attribute 24, 1
   8              		.eabi_attribute 25, 1
   9              		.eabi_attribute 26, 1
  10              		.eabi_attribute 30, 1
  11              		.eabi_attribute 34, 1
  12              		.eabi_attribute 18, 4
  13              		.thumb
  14              		.syntax unified
  15              		.file	"cymetadata.c"
  16              		.text
  17              	.Ltext0:
  18              		.cfi_sections	.debug_frame
  19              		.global	cy_metadata
  20              		.global	cy_meta_flashprotect
  21              		.global	cy_meta_wonvl
  22              		.global	cy_meta_custnvl
  23              		.global	cy_meta_configecc
  24              		.section	.cyconfigecc,"a",%progbits
  25              		.align	2
  26              		.type	cy_meta_configecc, %object
  27              		.size	cy_meta_configecc, 1156
  28              	cy_meta_configecc:
  29 0000 01       		.byte	1
  30 0001 45       		.byte	69
  31 0002 00       		.byte	0
  32 0003 40       		.byte	64
  33 0004 02       		.byte	2
  34 0005 52       		.byte	82
  35 0006 00       		.byte	0
  36 0007 40       		.byte	64
  37 0008 03       		.byte	3
  38 0009 64       		.byte	100
  39 000a 00       		.byte	0
  40 000b 40       		.byte	64
  41 000c 42       		.byte	66
  42 000d 00       		.byte	0
  43 000e 01       		.byte	1
  44 000f 40       		.byte	64
  45 0010 2E       		.byte	46
  46 0011 01       		.byte	1
  47 0012 01       		.byte	1
  48 0013 40       		.byte	64
  49 0014 52       		.byte	82
  50 0015 02       		.byte	2
  51 0016 01       		.byte	1
  52 0017 40       		.byte	64
  53 0018 47       		.byte	71
  54 0019 03       		.byte	3
  55 001a 01       		.byte	1
  56 001b 40       		.byte	64
  57 001c 51       		.byte	81
ARM GAS  C:\Users\dhous\AppData\Local\Temp\ccdSZlMB.s 			page 2


  58 001d 04       		.byte	4
  59 001e 01       		.byte	1
  60 001f 40       		.byte	64
  61 0020 47       		.byte	71
  62 0021 05       		.byte	5
  63 0022 01       		.byte	1
  64 0023 40       		.byte	64
  65 0024 06       		.byte	6
  66 0025 07       		.byte	7
  67 0026 01       		.byte	1
  68 0027 40       		.byte	64
  69 0028 01       		.byte	1
  70 0029 15       		.byte	21
  71 002a 01       		.byte	1
  72 002b 40       		.byte	64
  73 002c 02       		.byte	2
  74 002d 17       		.byte	23
  75 002e 01       		.byte	1
  76 002f 40       		.byte	64
  77 0030 02       		.byte	2
  78 0031 19       		.byte	25
  79 0032 01       		.byte	1
  80 0033 40       		.byte	64
  81 0034 01       		.byte	1
  82 0035 1B       		.byte	27
  83 0036 01       		.byte	1
  84 0037 40       		.byte	64
  85 0038 04       		.byte	4
  86 0039 40       		.byte	64
  87 003a 01       		.byte	1
  88 003b 40       		.byte	64
  89 003c 06       		.byte	6
  90 003d 41       		.byte	65
  91 003e 01       		.byte	1
  92 003f 40       		.byte	64
  93 0040 0A       		.byte	10
  94 0041 42       		.byte	66
  95 0042 01       		.byte	1
  96 0043 40       		.byte	64
  97 0044 03       		.byte	3
  98 0045 43       		.byte	67
  99 0046 01       		.byte	1
 100 0047 40       		.byte	64
 101 0048 03       		.byte	3
 102 0049 44       		.byte	68
 103 004a 01       		.byte	1
 104 004b 40       		.byte	64
 105 004c 01       		.byte	1
 106 004d 45       		.byte	69
 107 004e 01       		.byte	1
 108 004f 40       		.byte	64
 109 0050 01       		.byte	1
 110 0051 46       		.byte	70
 111 0052 01       		.byte	1
 112 0053 40       		.byte	64
 113 0054 04       		.byte	4
 114 0055 47       		.byte	71
ARM GAS  C:\Users\dhous\AppData\Local\Temp\ccdSZlMB.s 			page 3


 115 0056 01       		.byte	1
 116 0057 40       		.byte	64
 117 0058 04       		.byte	4
 118 0059 48       		.byte	72
 119 005a 01       		.byte	1
 120 005b 40       		.byte	64
 121 005c 02       		.byte	2
 122 005d 49       		.byte	73
 123 005e 01       		.byte	1
 124 005f 40       		.byte	64
 125 0060 0A       		.byte	10
 126 0061 4C       		.byte	76
 127 0062 01       		.byte	1
 128 0063 40       		.byte	64
 129 0064 06       		.byte	6
 130 0065 4D       		.byte	77
 131 0066 01       		.byte	1
 132 0067 40       		.byte	64
 133 0068 06       		.byte	6
 134 0069 50       		.byte	80
 135 006a 01       		.byte	1
 136 006b 40       		.byte	64
 137 006c 02       		.byte	2
 138 006d 51       		.byte	81
 139 006e 01       		.byte	1
 140 006f 40       		.byte	64
 141 0070 7E       		.byte	126
 142 0071 02       		.byte	2
 143 0072 04       		.byte	4
 144 0073 01       		.byte	1
 145 0074 7C       		.byte	124
 146 0075 40       		.byte	64
 147 0076 81       		.byte	-127
 148 0077 72       		.byte	114
 149 0078 83       		.byte	-125
 150 0079 38       		.byte	56
 151 007a 84       		.byte	-124
 152 007b 0F       		.byte	15
 153 007c 04       		.byte	4
 154 007d 04       		.byte	4
 155 007e 08       		.byte	8
 156 007f 04       		.byte	4
 157 0080 0C       		.byte	12
 158 0081 04       		.byte	4
 159 0082 10       		.byte	16
 160 0083 02       		.byte	2
 161 0084 14       		.byte	20
 162 0085 03       		.byte	3
 163 0086 18       		.byte	24
 164 0087 04       		.byte	4
 165 0088 1C       		.byte	28
 166 0089 03       		.byte	3
 167 008a 26       		.byte	38
 168 008b 01       		.byte	1
 169 008c 30       		.byte	48
 170 008d 04       		.byte	4
 171 008e 34       		.byte	52
ARM GAS  C:\Users\dhous\AppData\Local\Temp\ccdSZlMB.s 			page 4


 172 008f 03       		.byte	3
 173 0090 38       		.byte	56
 174 0091 20       		.byte	32
 175 0092 3A       		.byte	58
 176 0093 08       		.byte	8
 177 0094 3E       		.byte	62
 178 0095 11       		.byte	17
 179 0096 40       		.byte	64
 180 0097 02       		.byte	2
 181 0098 45       		.byte	69
 182 0099 40       		.byte	64
 183 009a 49       		.byte	73
 184 009b FF       		.byte	-1
 185 009c 4A       		.byte	74
 186 009d 07       		.byte	7
 187 009e 4B       		.byte	75
 188 009f FF       		.byte	-1
 189 00a0 4C       		.byte	76
 190 00a1 40       		.byte	64
 191 00a2 4D       		.byte	77
 192 00a3 20       		.byte	32
 193 00a4 4E       		.byte	78
 194 00a5 F0       		.byte	-16
 195 00a6 4F       		.byte	79
 196 00a7 05       		.byte	5
 197 00a8 50       		.byte	80
 198 00a9 08       		.byte	8
 199 00aa 58       		.byte	88
 200 00ab 04       		.byte	4
 201 00ac 5A       		.byte	90
 202 00ad 04       		.byte	4
 203 00ae 5F       		.byte	95
 204 00af 01       		.byte	1
 205 00b0 60       		.byte	96
 206 00b1 40       		.byte	64
 207 00b2 61       		.byte	97
 208 00b3 A8       		.byte	-88
 209 00b4 62       		.byte	98
 210 00b5 40       		.byte	64
 211 00b6 63       		.byte	99
 212 00b7 20       		.byte	32
 213 00b8 80       		.byte	-128
 214 00b9 03       		.byte	3
 215 00ba 81       		.byte	-127
 216 00bb 01       		.byte	1
 217 00bc 84       		.byte	-124
 218 00bd 0C       		.byte	12
 219 00be 85       		.byte	-123
 220 00bf 01       		.byte	1
 221 00c0 86       		.byte	-122
 222 00c1 13       		.byte	19
 223 00c2 88       		.byte	-120
 224 00c3 1F       		.byte	31
 225 00c4 89       		.byte	-119
 226 00c5 06       		.byte	6
 227 00c6 8C       		.byte	-116
 228 00c7 0F       		.byte	15
ARM GAS  C:\Users\dhous\AppData\Local\Temp\ccdSZlMB.s 			page 5


 229 00c8 8E       		.byte	-114
 230 00c9 10       		.byte	16
 231 00ca 8F       		.byte	-113
 232 00cb 06       		.byte	6
 233 00cc 91       		.byte	-111
 234 00cd 01       		.byte	1
 235 00ce 94       		.byte	-108
 236 00cf 02       		.byte	2
 237 00d0 95       		.byte	-107
 238 00d1 04       		.byte	4
 239 00d2 98       		.byte	-104
 240 00d3 13       		.byte	19
 241 00d4 9A       		.byte	-102
 242 00d5 0C       		.byte	12
 243 00d6 9B       		.byte	-101
 244 00d7 06       		.byte	6
 245 00d8 9C       		.byte	-100
 246 00d9 08       		.byte	8
 247 00da 9F       		.byte	-97
 248 00db 06       		.byte	6
 249 00dc A0       		.byte	-96
 250 00dd 01       		.byte	1
 251 00de A4       		.byte	-92
 252 00df 04       		.byte	4
 253 00e0 A5       		.byte	-91
 254 00e1 02       		.byte	2
 255 00e2 A8       		.byte	-88
 256 00e3 0C       		.byte	12
 257 00e4 A9       		.byte	-87
 258 00e5 06       		.byte	6
 259 00e6 AD       		.byte	-83
 260 00e7 06       		.byte	6
 261 00e8 AE       		.byte	-82
 262 00e9 13       		.byte	19
 263 00ea B0       		.byte	-80
 264 00eb 1C       		.byte	28
 265 00ec B2       		.byte	-78
 266 00ed 0F       		.byte	15
 267 00ee B3       		.byte	-77
 268 00ef 01       		.byte	1
 269 00f0 B7       		.byte	-73
 270 00f1 06       		.byte	6
 271 00f2 BA       		.byte	-70
 272 00f3 0A       		.byte	10
 273 00f4 D6       		.byte	-42
 274 00f5 02       		.byte	2
 275 00f6 D7       		.byte	-41
 276 00f7 10       		.byte	16
 277 00f8 D8       		.byte	-40
 278 00f9 04       		.byte	4
 279 00fa D9       		.byte	-39
 280 00fb 04       		.byte	4
 281 00fc DB       		.byte	-37
 282 00fd 04       		.byte	4
 283 00fe DF       		.byte	-33
 284 00ff 01       		.byte	1
 285 0100 00       		.byte	0
ARM GAS  C:\Users\dhous\AppData\Local\Temp\ccdSZlMB.s 			page 6


 286 0101 98       		.byte	-104
 287 0102 02       		.byte	2
 288 0103 21       		.byte	33
 289 0104 03       		.byte	3
 290 0105 10       		.byte	16
 291 0106 04       		.byte	4
 292 0107 10       		.byte	16
 293 0108 06       		.byte	6
 294 0109 81       		.byte	-127
 295 010a 07       		.byte	7
 296 010b 10       		.byte	16
 297 010c 09       		.byte	9
 298 010d 28       		.byte	40
 299 010e 0A       		.byte	10
 300 010f 82       		.byte	-126
 301 0110 0B       		.byte	11
 302 0111 08       		.byte	8
 303 0112 0C       		.byte	12
 304 0113 80       		.byte	-128
 305 0114 0D       		.byte	13
 306 0115 20       		.byte	32
 307 0116 0E       		.byte	14
 308 0117 20       		.byte	32
 309 0118 10       		.byte	16
 310 0119 20       		.byte	32
 311 011a 14       		.byte	20
 312 011b 40       		.byte	64
 313 011c 17       		.byte	23
 314 011d 68       		.byte	104
 315 011e 18       		.byte	24
 316 011f 14       		.byte	20
 317 0120 1A       		.byte	26
 318 0121 40       		.byte	64
 319 0122 1C       		.byte	28
 320 0123 80       		.byte	-128
 321 0124 1F       		.byte	31
 322 0125 04       		.byte	4
 323 0126 26       		.byte	38
 324 0127 08       		.byte	8
 325 0128 27       		.byte	39
 326 0129 02       		.byte	2
 327 012a 2E       		.byte	46
 328 012b 80       		.byte	-128
 329 012c 2F       		.byte	47
 330 012d 24       		.byte	36
 331 012e 36       		.byte	54
 332 012f 20       		.byte	32
 333 0130 37       		.byte	55
 334 0131 45       		.byte	69
 335 0132 3C       		.byte	60
 336 0133 90       		.byte	-112
 337 0134 3D       		.byte	61
 338 0135 08       		.byte	8
 339 0136 3F       		.byte	63
 340 0137 01       		.byte	1
 341 0138 40       		.byte	64
 342 0139 04       		.byte	4
ARM GAS  C:\Users\dhous\AppData\Local\Temp\ccdSZlMB.s 			page 7


 343 013a 48       		.byte	72
 344 013b 20       		.byte	32
 345 013c 49       		.byte	73
 346 013d 04       		.byte	4
 347 013e 4A       		.byte	74
 348 013f 80       		.byte	-128
 349 0140 5E       		.byte	94
 350 0141 40       		.byte	64
 351 0142 6D       		.byte	109
 352 0143 28       		.byte	40
 353 0144 6F       		.byte	111
 354 0145 01       		.byte	1
 355 0146 74       		.byte	116
 356 0147 80       		.byte	-128
 357 0148 76       		.byte	118
 358 0149 28       		.byte	40
 359 014a 77       		.byte	119
 360 014b 28       		.byte	40
 361 014c C0       		.byte	-64
 362 014d F7       		.byte	-9
 363 014e C2       		.byte	-62
 364 014f EF       		.byte	-17
 365 0150 C4       		.byte	-60
 366 0151 F4       		.byte	-12
 367 0152 CA       		.byte	-54
 368 0153 70       		.byte	112
 369 0154 CC       		.byte	-52
 370 0155 F0       		.byte	-16
 371 0156 CE       		.byte	-50
 372 0157 F0       		.byte	-16
 373 0158 D0       		.byte	-48
 374 0159 04       		.byte	4
 375 015a D6       		.byte	-42
 376 015b 10       		.byte	16
 377 015c 02       		.byte	2
 378 015d 01       		.byte	1
 379 015e 05       		.byte	5
 380 015f 67       		.byte	103
 381 0160 08       		.byte	8
 382 0161 07       		.byte	7
 383 0162 09       		.byte	9
 384 0163 67       		.byte	103
 385 0164 0C       		.byte	12
 386 0165 06       		.byte	6
 387 0166 0D       		.byte	13
 388 0167 01       		.byte	1
 389 0168 0E       		.byte	14
 390 0169 01       		.byte	1
 391 016a 0F       		.byte	15
 392 016b 0E       		.byte	14
 393 016c 15       		.byte	21
 394 016d 44       		.byte	68
 395 016e 17       		.byte	23
 396 016f 31       		.byte	49
 397 0170 18       		.byte	24
 398 0171 01       		.byte	1
 399 0172 1A       		.byte	26
ARM GAS  C:\Users\dhous\AppData\Local\Temp\ccdSZlMB.s 			page 8


 400 0173 06       		.byte	6
 401 0174 1C       		.byte	28
 402 0175 04       		.byte	4
 403 0176 20       		.byte	32
 404 0177 07       		.byte	7
 405 0178 24       		.byte	36
 406 0179 06       		.byte	6
 407 017a 25       		.byte	37
 408 017b 22       		.byte	34
 409 017c 27       		.byte	39
 410 017d D1       		.byte	-47
 411 017e 28       		.byte	40
 412 017f 02       		.byte	2
 413 0180 31       		.byte	49
 414 0181 18       		.byte	24
 415 0182 33       		.byte	51
 416 0183 80       		.byte	-128
 417 0184 35       		.byte	53
 418 0185 60       		.byte	96
 419 0186 36       		.byte	54
 420 0187 07       		.byte	7
 421 0188 37       		.byte	55
 422 0189 07       		.byte	7
 423 018a 3F       		.byte	63
 424 018b 01       		.byte	1
 425 018c 58       		.byte	88
 426 018d 04       		.byte	4
 427 018e 59       		.byte	89
 428 018f 04       		.byte	4
 429 0190 5F       		.byte	95
 430 0191 01       		.byte	1
 431 0192 83       		.byte	-125
 432 0193 10       		.byte	16
 433 0194 85       		.byte	-123
 434 0195 10       		.byte	16
 435 0196 8B       		.byte	-117
 436 0197 20       		.byte	32
 437 0198 8F       		.byte	-113
 438 0199 0C       		.byte	12
 439 019a 91       		.byte	-111
 440 019b 01       		.byte	1
 441 019c 93       		.byte	-109
 442 019d 0E       		.byte	14
 443 019e 97       		.byte	-105
 444 019f 03       		.byte	3
 445 01a0 99       		.byte	-103
 446 01a1 10       		.byte	16
 447 01a2 9D       		.byte	-99
 448 01a3 0C       		.byte	12
 449 01a4 9E       		.byte	-98
 450 01a5 01       		.byte	1
 451 01a6 9F       		.byte	-97
 452 01a7 03       		.byte	3
 453 01a8 A3       		.byte	-93
 454 01a9 08       		.byte	8
 455 01aa A5       		.byte	-91
 456 01ab 01       		.byte	1
ARM GAS  C:\Users\dhous\AppData\Local\Temp\ccdSZlMB.s 			page 9


 457 01ac A7       		.byte	-89
 458 01ad 06       		.byte	6
 459 01ae AA       		.byte	-86
 460 01af 01       		.byte	1
 461 01b0 AB       		.byte	-85
 462 01b1 20       		.byte	32
 463 01b2 AF       		.byte	-81
 464 01b3 10       		.byte	16
 465 01b4 B3       		.byte	-77
 466 01b5 10       		.byte	16
 467 01b6 B5       		.byte	-75
 468 01b7 20       		.byte	32
 469 01b8 B6       		.byte	-74
 470 01b9 01       		.byte	1
 471 01ba B7       		.byte	-73
 472 01bb 0F       		.byte	15
 473 01bc B9       		.byte	-71
 474 01bd 08       		.byte	8
 475 01be BB       		.byte	-69
 476 01bf 80       		.byte	-128
 477 01c0 BE       		.byte	-66
 478 01c1 40       		.byte	64
 479 01c2 BF       		.byte	-65
 480 01c3 10       		.byte	16
 481 01c4 C0       		.byte	-64
 482 01c5 26       		.byte	38
 483 01c6 C1       		.byte	-63
 484 01c7 03       		.byte	3
 485 01c8 C2       		.byte	-62
 486 01c9 01       		.byte	1
 487 01ca C4       		.byte	-60
 488 01cb 04       		.byte	4
 489 01cc C6       		.byte	-58
 490 01cd E0       		.byte	-32
 491 01ce C7       		.byte	-57
 492 01cf 0C       		.byte	12
 493 01d0 C8       		.byte	-56
 494 01d1 18       		.byte	24
 495 01d2 C9       		.byte	-55
 496 01d3 FF       		.byte	-1
 497 01d4 CA       		.byte	-54
 498 01d5 FF       		.byte	-1
 499 01d6 CB       		.byte	-53
 500 01d7 FF       		.byte	-1
 501 01d8 CC       		.byte	-52
 502 01d9 62       		.byte	98
 503 01da CD       		.byte	-51
 504 01db A0       		.byte	-96
 505 01dc CE       		.byte	-50
 506 01dd F0       		.byte	-16
 507 01de CF       		.byte	-49
 508 01df 41       		.byte	65
 509 01e0 D0       		.byte	-48
 510 01e1 0C       		.byte	12
 511 01e2 D4       		.byte	-44
 512 01e3 18       		.byte	24
 513 01e4 D6       		.byte	-42
ARM GAS  C:\Users\dhous\AppData\Local\Temp\ccdSZlMB.s 			page 10


 514 01e5 04       		.byte	4
 515 01e6 D8       		.byte	-40
 516 01e7 04       		.byte	4
 517 01e8 D9       		.byte	-39
 518 01e9 04       		.byte	4
 519 01ea DA       		.byte	-38
 520 01eb 04       		.byte	4
 521 01ec DB       		.byte	-37
 522 01ed 04       		.byte	4
 523 01ee DF       		.byte	-33
 524 01ef 01       		.byte	1
 525 01f0 E6       		.byte	-26
 526 01f1 40       		.byte	64
 527 01f2 E7       		.byte	-25
 528 01f3 02       		.byte	2
 529 01f4 E9       		.byte	-23
 530 01f5 10       		.byte	16
 531 01f6 EA       		.byte	-22
 532 01f7 30       		.byte	48
 533 01f8 EB       		.byte	-21
 534 01f9 10       		.byte	16
 535 01fa ED       		.byte	-19
 536 01fb 10       		.byte	16
 537 01fc EE       		.byte	-18
 538 01fd 10       		.byte	16
 539 01fe EF       		.byte	-17
 540 01ff 12       		.byte	18
 541 0200 04       		.byte	4
 542 0201 10       		.byte	16
 543 0202 05       		.byte	5
 544 0203 80       		.byte	-128
 545 0204 06       		.byte	6
 546 0205 41       		.byte	65
 547 0206 07       		.byte	7
 548 0207 40       		.byte	64
 549 0208 0A       		.byte	10
 550 0209 01       		.byte	1
 551 020a 0C       		.byte	12
 552 020b 80       		.byte	-128
 553 020c 0D       		.byte	13
 554 020d 20       		.byte	32
 555 020e 10       		.byte	16
 556 020f 08       		.byte	8
 557 0210 14       		.byte	20
 558 0211 80       		.byte	-128
 559 0212 16       		.byte	22
 560 0213 28       		.byte	40
 561 0214 19       		.byte	25
 562 0215 40       		.byte	64
 563 0216 1E       		.byte	30
 564 0217 01       		.byte	1
 565 0218 20       		.byte	32
 566 0219 04       		.byte	4
 567 021a 22       		.byte	34
 568 021b 40       		.byte	64
 569 021c 23       		.byte	35
 570 021d 10       		.byte	16
ARM GAS  C:\Users\dhous\AppData\Local\Temp\ccdSZlMB.s 			page 11


 571 021e 24       		.byte	36
 572 021f 40       		.byte	64
 573 0220 25       		.byte	37
 574 0221 40       		.byte	64
 575 0222 26       		.byte	38
 576 0223 10       		.byte	16
 577 0224 27       		.byte	39
 578 0225 24       		.byte	36
 579 0226 28       		.byte	40
 580 0227 20       		.byte	32
 581 0228 29       		.byte	41
 582 0229 80       		.byte	-128
 583 022a 2A       		.byte	42
 584 022b 10       		.byte	16
 585 022c 2B       		.byte	43
 586 022d 80       		.byte	-128
 587 022e 2F       		.byte	47
 588 022f 20       		.byte	32
 589 0230 31       		.byte	49
 590 0231 24       		.byte	36
 591 0232 32       		.byte	50
 592 0233 41       		.byte	65
 593 0234 37       		.byte	55
 594 0235 04       		.byte	4
 595 0236 39       		.byte	57
 596 0237 8A       		.byte	-118
 597 0238 3B       		.byte	59
 598 0239 10       		.byte	16
 599 023a 3D       		.byte	61
 600 023b A8       		.byte	-88
 601 023c 3E       		.byte	62
 602 023d 80       		.byte	-128
 603 023e 40       		.byte	64
 604 023f 50       		.byte	80
 605 0240 41       		.byte	65
 606 0241 24       		.byte	36
 607 0242 42       		.byte	66
 608 0243 11       		.byte	17
 609 0244 4A       		.byte	74
 610 0245 08       		.byte	8
 611 0246 50       		.byte	80
 612 0247 08       		.byte	8
 613 0248 52       		.byte	82
 614 0249 10       		.byte	16
 615 024a 5B       		.byte	91
 616 024b 02       		.byte	2
 617 024c 60       		.byte	96
 618 024d 04       		.byte	4
 619 024e 61       		.byte	97
 620 024f 40       		.byte	64
 621 0250 63       		.byte	99
 622 0251 80       		.byte	-128
 623 0252 83       		.byte	-125
 624 0253 40       		.byte	64
 625 0254 84       		.byte	-124
 626 0255 84       		.byte	-124
 627 0256 85       		.byte	-123
ARM GAS  C:\Users\dhous\AppData\Local\Temp\ccdSZlMB.s 			page 12


 628 0257 01       		.byte	1
 629 0258 90       		.byte	-112
 630 0259 10       		.byte	16
 631 025a 96       		.byte	-106
 632 025b 82       		.byte	-126
 633 025c 99       		.byte	-103
 634 025d 04       		.byte	4
 635 025e 9A       		.byte	-102
 636 025f 29       		.byte	41
 637 0260 9B       		.byte	-101
 638 0261 02       		.byte	2
 639 0262 9C       		.byte	-100
 640 0263 40       		.byte	64
 641 0264 9E       		.byte	-98
 642 0265 80       		.byte	-128
 643 0266 9F       		.byte	-97
 644 0267 44       		.byte	68
 645 0268 A0       		.byte	-96
 646 0269 A0       		.byte	-96
 647 026a A1       		.byte	-95
 648 026b 34       		.byte	52
 649 026c A2       		.byte	-94
 650 026d 88       		.byte	-120
 651 026e A4       		.byte	-92
 652 026f 04       		.byte	4
 653 0270 A5       		.byte	-91
 654 0271 08       		.byte	8
 655 0272 A6       		.byte	-90
 656 0273 10       		.byte	16
 657 0274 A7       		.byte	-89
 658 0275 20       		.byte	32
 659 0276 A9       		.byte	-87
 660 0277 10       		.byte	16
 661 0278 AB       		.byte	-85
 662 0279 01       		.byte	1
 663 027a C0       		.byte	-64
 664 027b D0       		.byte	-48
 665 027c C2       		.byte	-62
 666 027d C1       		.byte	-63
 667 027e C4       		.byte	-60
 668 027f 72       		.byte	114
 669 0280 CA       		.byte	-54
 670 0281 4F       		.byte	79
 671 0282 CC       		.byte	-52
 672 0283 4F       		.byte	79
 673 0284 CE       		.byte	-50
 674 0285 7F       		.byte	127
 675 0286 D0       		.byte	-48
 676 0287 0F       		.byte	15
 677 0288 D2       		.byte	-46
 678 0289 04       		.byte	4
 679 028a D6       		.byte	-42
 680 028b 01       		.byte	1
 681 028c D8       		.byte	-40
 682 028d 0D       		.byte	13
 683 028e 02       		.byte	2
 684 028f 04       		.byte	4
ARM GAS  C:\Users\dhous\AppData\Local\Temp\ccdSZlMB.s 			page 13


 685 0290 04       		.byte	4
 686 0291 01       		.byte	1
 687 0292 05       		.byte	5
 688 0293 03       		.byte	3
 689 0294 07       		.byte	7
 690 0295 14       		.byte	20
 691 0296 0F       		.byte	15
 692 0297 08       		.byte	8
 693 0298 10       		.byte	16
 694 0299 0C       		.byte	12
 695 029a 11       		.byte	17
 696 029b 33       		.byte	51
 697 029c 12       		.byte	18
 698 029d 02       		.byte	2
 699 029e 13       		.byte	19
 700 029f 04       		.byte	4
 701 02a0 15       		.byte	21
 702 02a1 33       		.byte	51
 703 02a2 16       		.byte	22
 704 02a3 0A       		.byte	10
 705 02a4 17       		.byte	23
 706 02a5 0C       		.byte	12
 707 02a6 19       		.byte	25
 708 02a7 40       		.byte	64
 709 02a8 1B       		.byte	27
 710 02a9 15       		.byte	21
 711 02aa 1D       		.byte	29
 712 02ab 0A       		.byte	10
 713 02ac 1E       		.byte	30
 714 02ad 06       		.byte	6
 715 02ae 1F       		.byte	31
 716 02af 34       		.byte	52
 717 02b0 22       		.byte	34
 718 02b1 0C       		.byte	12
 719 02b2 26       		.byte	38
 720 02b3 02       		.byte	2
 721 02b4 31       		.byte	49
 722 02b5 10       		.byte	16
 723 02b6 32       		.byte	50
 724 02b7 01       		.byte	1
 725 02b8 33       		.byte	51
 726 02b9 0F       		.byte	15
 727 02ba 36       		.byte	54
 728 02bb 0E       		.byte	14
 729 02bc 37       		.byte	55
 730 02bd 60       		.byte	96
 731 02be 39       		.byte	57
 732 02bf 80       		.byte	-128
 733 02c0 3A       		.byte	58
 734 02c1 80       		.byte	-128
 735 02c2 3B       		.byte	59
 736 02c3 08       		.byte	8
 737 02c4 3E       		.byte	62
 738 02c5 04       		.byte	4
 739 02c6 3F       		.byte	63
 740 02c7 01       		.byte	1
 741 02c8 40       		.byte	64
ARM GAS  C:\Users\dhous\AppData\Local\Temp\ccdSZlMB.s 			page 14


 742 02c9 32       		.byte	50
 743 02ca 41       		.byte	65
 744 02cb 05       		.byte	5
 745 02cc 45       		.byte	69
 746 02cd 0B       		.byte	11
 747 02ce 46       		.byte	70
 748 02cf E0       		.byte	-32
 749 02d0 47       		.byte	71
 750 02d1 0C       		.byte	12
 751 02d2 48       		.byte	72
 752 02d3 19       		.byte	25
 753 02d4 49       		.byte	73
 754 02d5 FF       		.byte	-1
 755 02d6 4A       		.byte	74
 756 02d7 FF       		.byte	-1
 757 02d8 4B       		.byte	75
 758 02d9 FF       		.byte	-1
 759 02da 4E       		.byte	78
 760 02db F0       		.byte	-16
 761 02dc 4F       		.byte	79
 762 02dd 44       		.byte	68
 763 02de 50       		.byte	80
 764 02df 0C       		.byte	12
 765 02e0 54       		.byte	84
 766 02e1 01       		.byte	1
 767 02e2 56       		.byte	86
 768 02e3 04       		.byte	4
 769 02e4 58       		.byte	88
 770 02e5 04       		.byte	4
 771 02e6 59       		.byte	89
 772 02e7 04       		.byte	4
 773 02e8 5A       		.byte	90
 774 02e9 04       		.byte	4
 775 02ea 5B       		.byte	91
 776 02eb 04       		.byte	4
 777 02ec 5F       		.byte	95
 778 02ed 01       		.byte	1
 779 02ee 66       		.byte	102
 780 02ef C0       		.byte	-64
 781 02f0 6A       		.byte	106
 782 02f1 40       		.byte	64
 783 02f2 6B       		.byte	107
 784 02f3 02       		.byte	2
 785 02f4 80       		.byte	-128
 786 02f5 04       		.byte	4
 787 02f6 85       		.byte	-123
 788 02f7 05       		.byte	5
 789 02f8 86       		.byte	-122
 790 02f9 04       		.byte	4
 791 02fa 88       		.byte	-120
 792 02fb 1C       		.byte	28
 793 02fc 8A       		.byte	-118
 794 02fd 02       		.byte	2
 795 02fe 8C       		.byte	-116
 796 02ff 1C       		.byte	28
 797 0300 8D       		.byte	-115
 798 0301 03       		.byte	3
ARM GAS  C:\Users\dhous\AppData\Local\Temp\ccdSZlMB.s 			page 15


 799 0302 8E       		.byte	-114
 800 0303 01       		.byte	1
 801 0304 8F       		.byte	-113
 802 0305 0C       		.byte	12
 803 0306 91       		.byte	-111
 804 0307 0A       		.byte	10
 805 0308 93       		.byte	-109
 806 0309 04       		.byte	4
 807 030a 94       		.byte	-108
 808 030b 1F       		.byte	31
 809 030c 98       		.byte	-104
 810 030d 07       		.byte	7
 811 030e 99       		.byte	-103
 812 030f 04       		.byte	4
 813 0310 9A       		.byte	-102
 814 0311 18       		.byte	24
 815 0312 9B       		.byte	-101
 816 0313 03       		.byte	3
 817 0314 9C       		.byte	-100
 818 0315 10       		.byte	16
 819 0316 9F       		.byte	-97
 820 0317 18       		.byte	24
 821 0318 A1       		.byte	-95
 822 0319 04       		.byte	4
 823 031a A2       		.byte	-94
 824 031b 03       		.byte	3
 825 031c A4       		.byte	-92
 826 031d 18       		.byte	24
 827 031e A8       		.byte	-88
 828 031f 08       		.byte	8
 829 0320 AD       		.byte	-83
 830 0321 07       		.byte	7
 831 0322 AF       		.byte	-81
 832 0323 10       		.byte	16
 833 0324 B1       		.byte	-79
 834 0325 1F       		.byte	31
 835 0326 B4       		.byte	-76
 836 0327 1F       		.byte	31
 837 0328 BA       		.byte	-70
 838 0329 20       		.byte	32
 839 032a D8       		.byte	-40
 840 032b 04       		.byte	4
 841 032c D9       		.byte	-39
 842 032d 04       		.byte	4
 843 032e DF       		.byte	-33
 844 032f 01       		.byte	1
 845 0330 02       		.byte	2
 846 0331 90       		.byte	-112
 847 0332 03       		.byte	3
 848 0333 80       		.byte	-128
 849 0334 05       		.byte	5
 850 0335 12       		.byte	18
 851 0336 06       		.byte	6
 852 0337 01       		.byte	1
 853 0338 07       		.byte	7
 854 0339 20       		.byte	32
 855 033a 09       		.byte	9
ARM GAS  C:\Users\dhous\AppData\Local\Temp\ccdSZlMB.s 			page 16


 856 033b 08       		.byte	8
 857 033c 0A       		.byte	10
 858 033d C2       		.byte	-62
 859 033e 0C       		.byte	12
 860 033f 80       		.byte	-128
 861 0340 0D       		.byte	13
 862 0341 20       		.byte	32
 863 0342 0E       		.byte	14
 864 0343 10       		.byte	16
 865 0344 10       		.byte	16
 866 0345 20       		.byte	32
 867 0346 13       		.byte	19
 868 0347 02       		.byte	2
 869 0348 16       		.byte	22
 870 0349 68       		.byte	104
 871 034a 19       		.byte	25
 872 034b 44       		.byte	68
 873 034c 1A       		.byte	26
 874 034d 02       		.byte	2
 875 034e 1B       		.byte	27
 876 034f 40       		.byte	64
 877 0350 1C       		.byte	28
 878 0351 08       		.byte	8
 879 0352 1D       		.byte	29
 880 0353 10       		.byte	16
 881 0354 21       		.byte	33
 882 0355 48       		.byte	72
 883 0356 23       		.byte	35
 884 0357 82       		.byte	-126
 885 0358 27       		.byte	39
 886 0359 40       		.byte	64
 887 035a 2C       		.byte	44
 888 035b 20       		.byte	32
 889 035c 2E       		.byte	46
 890 035d 44       		.byte	68
 891 035e 2F       		.byte	47
 892 035f 80       		.byte	-128
 893 0360 30       		.byte	48
 894 0361 20       		.byte	32
 895 0362 31       		.byte	49
 896 0363 08       		.byte	8
 897 0364 32       		.byte	50
 898 0365 41       		.byte	65
 899 0366 34       		.byte	52
 900 0367 20       		.byte	32
 901 0368 37       		.byte	55
 902 0369 42       		.byte	66
 903 036a 38       		.byte	56
 904 036b 08       		.byte	8
 905 036c 39       		.byte	57
 906 036d 80       		.byte	-128
 907 036e 3F       		.byte	63
 908 036f 84       		.byte	-124
 909 0370 40       		.byte	64
 910 0371 20       		.byte	32
 911 0372 41       		.byte	65
 912 0373 08       		.byte	8
ARM GAS  C:\Users\dhous\AppData\Local\Temp\ccdSZlMB.s 			page 17


 913 0374 42       		.byte	66
 914 0375 04       		.byte	4
 915 0376 49       		.byte	73
 916 0377 40       		.byte	64
 917 0378 4B       		.byte	75
 918 0379 04       		.byte	4
 919 037a 50       		.byte	80
 920 037b 04       		.byte	4
 921 037c 52       		.byte	82
 922 037d 10       		.byte	16
 923 037e 58       		.byte	88
 924 037f 01       		.byte	1
 925 0380 59       		.byte	89
 926 0381 24       		.byte	36
 927 0382 5B       		.byte	91
 928 0383 80       		.byte	-128
 929 0384 63       		.byte	99
 930 0385 40       		.byte	64
 931 0386 87       		.byte	-121
 932 0387 40       		.byte	64
 933 0388 92       		.byte	-110
 934 0389 90       		.byte	-112
 935 038a 95       		.byte	-107
 936 038b 80       		.byte	-128
 937 038c 96       		.byte	-106
 938 038d 02       		.byte	2
 939 038e 99       		.byte	-103
 940 038f 02       		.byte	2
 941 0390 9A       		.byte	-102
 942 0391 69       		.byte	105
 943 0392 9B       		.byte	-101
 944 0393 20       		.byte	32
 945 0394 9C       		.byte	-100
 946 0395 20       		.byte	32
 947 0396 A0       		.byte	-96
 948 0397 A0       		.byte	-96
 949 0398 A1       		.byte	-95
 950 0399 20       		.byte	32
 951 039a A2       		.byte	-94
 952 039b 80       		.byte	-128
 953 039c A4       		.byte	-92
 954 039d 04       		.byte	4
 955 039e A5       		.byte	-91
 956 039f 08       		.byte	8
 957 03a0 A7       		.byte	-89
 958 03a1 80       		.byte	-128
 959 03a2 AC       		.byte	-84
 960 03a3 40       		.byte	64
 961 03a4 AD       		.byte	-83
 962 03a5 02       		.byte	2
 963 03a6 AE       		.byte	-82
 964 03a7 48       		.byte	72
 965 03a8 AF       		.byte	-81
 966 03a9 20       		.byte	32
 967 03aa C0       		.byte	-64
 968 03ab FC       		.byte	-4
 969 03ac C2       		.byte	-62
ARM GAS  C:\Users\dhous\AppData\Local\Temp\ccdSZlMB.s 			page 18


 970 03ad ED       		.byte	-19
 971 03ae C4       		.byte	-60
 972 03af 7C       		.byte	124
 973 03b0 CA       		.byte	-54
 974 03b1 90       		.byte	-112
 975 03b2 CC       		.byte	-52
 976 03b3 BF       		.byte	-65
 977 03b4 CE       		.byte	-50
 978 03b5 5A       		.byte	90
 979 03b6 D0       		.byte	-48
 980 03b7 06       		.byte	6
 981 03b8 D2       		.byte	-46
 982 03b9 08       		.byte	8
 983 03ba D6       		.byte	-42
 984 03bb 0F       		.byte	15
 985 03bc D8       		.byte	-40
 986 03bd 01       		.byte	1
 987 03be A8       		.byte	-88
 988 03bf 04       		.byte	4
 989 03c0 A9       		.byte	-87
 990 03c1 20       		.byte	32
 991 03c2 B0       		.byte	-80
 992 03c3 01       		.byte	1
 993 03c4 B2       		.byte	-78
 994 03c5 10       		.byte	16
 995 03c6 B7       		.byte	-73
 996 03c7 40       		.byte	64
 997 03c8 EA       		.byte	-22
 998 03c9 10       		.byte	16
 999 03ca EA       		.byte	-22
 1000 03cb 01       		.byte	1
 1001 03cc EA       		.byte	-22
 1002 03cd 02       		.byte	2
 1003 03ce EE       		.byte	-18
 1004 03cf 02       		.byte	2
 1005 03d0 EA       		.byte	-22
 1006 03d1 02       		.byte	2
 1007 03d2 EE       		.byte	-18
 1008 03d3 02       		.byte	2
 1009 03d4 EA       		.byte	-22
 1010 03d5 01       		.byte	1
 1011 03d6 33       		.byte	51
 1012 03d7 11       		.byte	17
 1013 03d8 36       		.byte	54
 1014 03d9 40       		.byte	64
 1015 03da 37       		.byte	55
 1016 03db 02       		.byte	2
 1017 03dc CC       		.byte	-52
 1018 03dd F0       		.byte	-16
 1019 03de 03       		.byte	3
 1020 03df 80       		.byte	-128
 1021 03e0 83       		.byte	-125
 1022 03e1 10       		.byte	16
 1023 03e2 9F       		.byte	-97
 1024 03e3 13       		.byte	19
 1025 03e4 A6       		.byte	-90
 1026 03e5 40       		.byte	64
ARM GAS  C:\Users\dhous\AppData\Local\Temp\ccdSZlMB.s 			page 19


 1027 03e6 C0       		.byte	-64
 1028 03e7 10       		.byte	16
 1029 03e8 E2       		.byte	-30
 1030 03e9 20       		.byte	32
 1031 03ea 3E       		.byte	62
 1032 03eb 10       		.byte	16
 1033 03ec 50       		.byte	80
 1034 03ed 04       		.byte	4
 1035 03ee 86       		.byte	-122
 1036 03ef 40       		.byte	64
 1037 03f0 9F       		.byte	-97
 1038 03f1 03       		.byte	3
 1039 03f2 A6       		.byte	-90
 1040 03f3 40       		.byte	64
 1041 03f4 AF       		.byte	-81
 1042 03f5 80       		.byte	-128
 1043 03f6 CE       		.byte	-50
 1044 03f7 20       		.byte	32
 1045 03f8 D4       		.byte	-44
 1046 03f9 20       		.byte	32
 1047 03fa E6       		.byte	-26
 1048 03fb 40       		.byte	64
 1049 03fc EC       		.byte	-20
 1050 03fd 10       		.byte	16
 1051 03fe 96       		.byte	-106
 1052 03ff 10       		.byte	16
 1053 0400 9F       		.byte	-97
 1054 0401 03       		.byte	3
 1055 0402 B4       		.byte	-76
 1056 0403 04       		.byte	4
 1057 0404 10       		.byte	16
 1058 0405 10       		.byte	16
 1059 0406 14       		.byte	20
 1060 0407 20       		.byte	32
 1061 0408 C4       		.byte	-60
 1062 0409 0C       		.byte	12
 1063 040a 98       		.byte	-104
 1064 040b 30       		.byte	48
 1065 040c 98       		.byte	-104
 1066 040d 30       		.byte	48
 1067 040e 09       		.byte	9
 1068 040f 08       		.byte	8
 1069 0410 0F       		.byte	15
 1070 0411 40       		.byte	64
 1071 0412 98       		.byte	-104
 1072 0413 30       		.byte	48
 1073 0414 C2       		.byte	-62
 1074 0415 0C       		.byte	12
 1075 0416 96       		.byte	-106
 1076 0417 10       		.byte	16
 1077 0418 AF       		.byte	-81
 1078 0419 03       		.byte	3
 1079 041a EA       		.byte	-22
 1080 041b 40       		.byte	64
 1081 041c EE       		.byte	-18
 1082 041d 40       		.byte	64
 1083 041e AA       		.byte	-86
ARM GAS  C:\Users\dhous\AppData\Local\Temp\ccdSZlMB.s 			page 20


 1084 041f 10       		.byte	16
 1085 0420 EA       		.byte	-22
 1086 0421 80       		.byte	-128
 1087 0422 10       		.byte	16
 1088 0423 40       		.byte	64
 1089 0424 13       		.byte	19
 1090 0425 20       		.byte	32
 1091 0426 14       		.byte	20
 1092 0427 80       		.byte	-128
 1093 0428 78       		.byte	120
 1094 0429 10       		.byte	16
 1095 042a 7C       		.byte	124
 1096 042b 20       		.byte	32
 1097 042c 98       		.byte	-104
 1098 042d 30       		.byte	48
 1099 042e AD       		.byte	-83
 1100 042f 08       		.byte	8
 1101 0430 AF       		.byte	-81
 1102 0431 40       		.byte	64
 1103 0432 C4       		.byte	-60
 1104 0433 0E       		.byte	14
 1105 0434 DE       		.byte	-34
 1106 0435 03       		.byte	3
 1107 0436 78       		.byte	120
 1108 0437 40       		.byte	64
 1109 0438 7C       		.byte	124
 1110 0439 80       		.byte	-128
 1111 043a 98       		.byte	-104
 1112 043b C0       		.byte	-64
 1113 043c AB       		.byte	-85
 1114 043d 20       		.byte	32
 1115 043e DC       		.byte	-36
 1116 043f 01       		.byte	1
 1117 0440 DE       		.byte	-34
 1118 0441 04       		.byte	4
 1119 0442 00       		.byte	0
 1120 0443 01       		.byte	1
 1121 0444 01       		.byte	1
 1122 0445 01       		.byte	1
 1123 0446 08       		.byte	8
 1124 0447 01       		.byte	1
 1125 0448 09       		.byte	9
 1126 0449 01       		.byte	1
 1127 044a 0A       		.byte	10
 1128 044b 01       		.byte	1
 1129 044c 0B       		.byte	11
 1130 044d 01       		.byte	1
 1131 044e 00       		.byte	0
 1132 044f AF       		.byte	-81
 1133 0450 03       		.byte	3
 1134 0451 C0       		.byte	-64
 1135 0452 00       		.byte	0
 1136 0453 00       		.byte	0
 1137 0454 20       		.byte	32
 1138 0455 38       		.byte	56
 1139 0456 00       		.byte	0
 1140 0457 00       		.byte	0
ARM GAS  C:\Users\dhous\AppData\Local\Temp\ccdSZlMB.s 			page 21


 1141 0458 30       		.byte	48
 1142 0459 00       		.byte	0
 1143 045a 00       		.byte	0
 1144 045b 00       		.byte	0
 1145 045c 01       		.byte	1
 1146 045d 00       		.byte	0
 1147 045e 00       		.byte	0
 1148 045f 00       		.byte	0
 1149 0460 00       		.byte	0
 1150 0461 00       		.byte	0
 1151 0462 00       		.byte	0
 1152 0463 00       		.byte	0
 1153 0464 B0       		.byte	-80
 1154 0465 00       		.byte	0
 1155 0466 00       		.byte	0
 1156 0467 88       		.byte	-120
 1157 0468 B8       		.byte	-72
 1158 0469 00       		.byte	0
 1159 046a 38       		.byte	56
 1160 046b 00       		.byte	0
 1161 046c 00       		.byte	0
 1162 046d 00       		.byte	0
 1163 046e 00       		.byte	0
 1164 046f 00       		.byte	0
 1165 0470 40       		.byte	64
 1166 0471 00       		.byte	0
 1167 0472 00       		.byte	0
 1168 0473 00       		.byte	0
 1169 0474 00       		.byte	0
 1170 0475 00       		.byte	0
 1171 0476 00       		.byte	0
 1172 0477 00       		.byte	0
 1173 0478 C0       		.byte	-64
 1174 0479 00       		.byte	0
 1175 047a 00       		.byte	0
 1176 047b 00       		.byte	0
 1177 047c 00       		.byte	0
 1178 047d 0B       		.byte	11
 1179 047e 0B       		.byte	11
 1180 047f 00       		.byte	0
 1181 0480 00       		.byte	0
 1182 0481 00       		.byte	0
 1183 0482 00       		.byte	0
 1184 0483 00       		.byte	0
 1185              		.section	.cywolatch,"a",%progbits
 1186              		.align	2
 1187              		.type	cy_meta_wonvl, %object
 1188              		.size	cy_meta_wonvl, 4
 1189              	cy_meta_wonvl:
 1190 0000 BC       		.byte	-68
 1191 0001 90       		.byte	-112
 1192 0002 AC       		.byte	-84
 1193 0003 AF       		.byte	-81
 1194              		.section	.cycustnvl,"a",%progbits
 1195              		.align	2
 1196              		.type	cy_meta_custnvl, %object
 1197              		.size	cy_meta_custnvl, 4
ARM GAS  C:\Users\dhous\AppData\Local\Temp\ccdSZlMB.s 			page 22


 1198              	cy_meta_custnvl:
 1199 0000 00       		.byte	0
 1200 0001 00       		.byte	0
 1201 0002 40       		.byte	64
 1202 0003 05       		.byte	5
 1203              		.section	.cymeta,"a",%progbits
 1204              		.align	2
 1205              		.type	cy_metadata, %object
 1206              		.size	cy_metadata, 12
 1207              	cy_metadata:
 1208 0000 00       		.byte	0
 1209 0001 01       		.byte	1
 1210 0002 2E       		.byte	46
 1211 0003 16       		.byte	22
 1212 0004 10       		.byte	16
 1213 0005 69       		.byte	105
 1214 0006 00       		.byte	0
 1215 0007 01       		.byte	1
 1216 0008 00       		.byte	0
 1217 0009 00       		.byte	0
 1218 000a 00       		.byte	0
 1219 000b 00       		.byte	0
 1220              		.section	.cyflashprotect,"a",%progbits
 1221              		.align	2
 1222              		.type	cy_meta_flashprotect, %object
 1223              		.size	cy_meta_flashprotect, 256
 1224              	cy_meta_flashprotect:
 1225 0000 00000000 		.space	256
 1225      00000000 
 1225      00000000 
 1225      00000000 
 1225      00000000 
 1226              		.text
 1227              	.Letext0:
 1228              		.file 1 "c:\\program files\\cypress\\psoc creator\\4.1\\psoc creator\\import\\gnu\\arm\\5.4.1\\arm
 1229              		.file 2 "c:\\program files\\cypress\\psoc creator\\4.1\\psoc creator\\import\\gnu\\arm\\5.4.1\\arm
 1230              		.file 3 "Generated_Source\\PSoC5\\cymetadata.c"
 1231              		.section	.debug_info,"",%progbits
 1232              	.Ldebug_info0:
 1233 0000 32010000 		.4byte	0x132
 1234 0004 0400     		.2byte	0x4
 1235 0006 00000000 		.4byte	.Ldebug_abbrev0
 1236 000a 04       		.byte	0x4
 1237 000b 01       		.uleb128 0x1
 1238 000c 24000000 		.4byte	.LASF17
 1239 0010 0C       		.byte	0xc
 1240 0011 BE010000 		.4byte	.LASF18
 1241 0015 F9000000 		.4byte	.LASF19
 1242 0019 00000000 		.4byte	.Ldebug_line0
 1243 001d 02       		.uleb128 0x2
 1244 001e 01       		.byte	0x1
 1245 001f 06       		.byte	0x6
 1246 0020 B2010000 		.4byte	.LASF0
 1247 0024 03       		.uleb128 0x3
 1248 0025 00000000 		.4byte	.LASF9
 1249 0029 01       		.byte	0x1
 1250 002a 1D       		.byte	0x1d
ARM GAS  C:\Users\dhous\AppData\Local\Temp\ccdSZlMB.s 			page 23


 1251 002b 2F000000 		.4byte	0x2f
 1252 002f 02       		.uleb128 0x2
 1253 0030 01       		.byte	0x1
 1254 0031 08       		.byte	0x8
 1255 0032 16000000 		.4byte	.LASF1
 1256 0036 02       		.uleb128 0x2
 1257 0037 02       		.byte	0x2
 1258 0038 05       		.byte	0x5
 1259 0039 9F010000 		.4byte	.LASF2
 1260 003d 02       		.uleb128 0x2
 1261 003e 02       		.byte	0x2
 1262 003f 07       		.byte	0x7
 1263 0040 C4000000 		.4byte	.LASF3
 1264 0044 02       		.uleb128 0x2
 1265 0045 04       		.byte	0x4
 1266 0046 05       		.byte	0x5
 1267 0047 A9010000 		.4byte	.LASF4
 1268 004b 02       		.uleb128 0x2
 1269 004c 04       		.byte	0x4
 1270 004d 07       		.byte	0x7
 1271 004e B2000000 		.4byte	.LASF5
 1272 0052 02       		.uleb128 0x2
 1273 0053 08       		.byte	0x8
 1274 0054 05       		.byte	0x5
 1275 0055 91010000 		.4byte	.LASF6
 1276 0059 02       		.uleb128 0x2
 1277 005a 08       		.byte	0x8
 1278 005b 07       		.byte	0x7
 1279 005c 46010000 		.4byte	.LASF7
 1280 0060 04       		.uleb128 0x4
 1281 0061 04       		.byte	0x4
 1282 0062 05       		.byte	0x5
 1283 0063 696E7400 		.ascii	"int\000"
 1284 0067 02       		.uleb128 0x2
 1285 0068 04       		.byte	0x4
 1286 0069 07       		.byte	0x7
 1287 006a 39010000 		.4byte	.LASF8
 1288 006e 03       		.uleb128 0x3
 1289 006f 5D010000 		.4byte	.LASF10
 1290 0073 02       		.byte	0x2
 1291 0074 18       		.byte	0x18
 1292 0075 24000000 		.4byte	0x24
 1293 0079 05       		.uleb128 0x5
 1294 007a 91000000 		.4byte	0x91
 1295 007e 8A000000 		.4byte	0x8a
 1296 0082 06       		.uleb128 0x6
 1297 0083 8A000000 		.4byte	0x8a
 1298 0087 8304     		.2byte	0x483
 1299 0089 00       		.byte	0
 1300 008a 02       		.uleb128 0x2
 1301 008b 04       		.byte	0x4
 1302 008c 07       		.byte	0x7
 1303 008d 88010000 		.4byte	.LASF11
 1304 0091 07       		.uleb128 0x7
 1305 0092 6E000000 		.4byte	0x6e
 1306 0096 08       		.uleb128 0x8
 1307 0097 E7000000 		.4byte	.LASF12
ARM GAS  C:\Users\dhous\AppData\Local\Temp\ccdSZlMB.s 			page 24


 1308 009b 03       		.byte	0x3
 1309 009c 1F       		.byte	0x1f
 1310 009d A7000000 		.4byte	0xa7
 1311 00a1 05       		.uleb128 0x5
 1312 00a2 03       		.byte	0x3
 1313 00a3 00000000 		.4byte	cy_meta_configecc
 1314 00a7 07       		.uleb128 0x7
 1315 00a8 79000000 		.4byte	0x79
 1316 00ac 05       		.uleb128 0x5
 1317 00ad 91000000 		.4byte	0x91
 1318 00b1 BC000000 		.4byte	0xbc
 1319 00b5 09       		.uleb128 0x9
 1320 00b6 8A000000 		.4byte	0x8a
 1321 00ba 03       		.byte	0x3
 1322 00bb 00       		.byte	0
 1323 00bc 08       		.uleb128 0x8
 1324 00bd D7000000 		.4byte	.LASF13
 1325 00c1 03       		.byte	0x3
 1326 00c2 BD       		.byte	0xbd
 1327 00c3 CD000000 		.4byte	0xcd
 1328 00c7 05       		.uleb128 0x5
 1329 00c8 03       		.byte	0x3
 1330 00c9 00000000 		.4byte	cy_meta_custnvl
 1331 00cd 07       		.uleb128 0x7
 1332 00ce AC000000 		.4byte	0xac
 1333 00d2 08       		.uleb128 0x8
 1334 00d3 7A010000 		.4byte	.LASF14
 1335 00d7 03       		.byte	0x3
 1336 00d8 CB       		.byte	0xcb
 1337 00d9 E3000000 		.4byte	0xe3
 1338 00dd 05       		.uleb128 0x5
 1339 00de 03       		.byte	0x3
 1340 00df 00000000 		.4byte	cy_meta_wonvl
 1341 00e3 07       		.uleb128 0x7
 1342 00e4 AC000000 		.4byte	0xac
 1343 00e8 05       		.uleb128 0x5
 1344 00e9 91000000 		.4byte	0x91
 1345 00ed F8000000 		.4byte	0xf8
 1346 00f1 09       		.uleb128 0x9
 1347 00f2 8A000000 		.4byte	0x8a
 1348 00f6 FF       		.byte	0xff
 1349 00f7 00       		.byte	0
 1350 00f8 08       		.uleb128 0x8
 1351 00f9 65010000 		.4byte	.LASF15
 1352 00fd 03       		.byte	0x3
 1353 00fe D9       		.byte	0xd9
 1354 00ff 09010000 		.4byte	0x109
 1355 0103 05       		.uleb128 0x5
 1356 0104 03       		.byte	0x3
 1357 0105 00000000 		.4byte	cy_meta_flashprotect
 1358 0109 07       		.uleb128 0x7
 1359 010a E8000000 		.4byte	0xe8
 1360 010e 05       		.uleb128 0x5
 1361 010f 91000000 		.4byte	0x91
 1362 0113 1E010000 		.4byte	0x11e
 1363 0117 09       		.uleb128 0x9
 1364 0118 8A000000 		.4byte	0x8a
ARM GAS  C:\Users\dhous\AppData\Local\Temp\ccdSZlMB.s 			page 25


 1365 011c 0B       		.byte	0xb
 1366 011d 00       		.byte	0
 1367 011e 0A       		.uleb128 0xa
 1368 011f 0A000000 		.4byte	.LASF16
 1369 0123 03       		.byte	0x3
 1370 0124 0601     		.2byte	0x106
 1371 0126 30010000 		.4byte	0x130
 1372 012a 05       		.uleb128 0x5
 1373 012b 03       		.byte	0x3
 1374 012c 00000000 		.4byte	cy_metadata
 1375 0130 07       		.uleb128 0x7
 1376 0131 0E010000 		.4byte	0x10e
 1377 0135 00       		.byte	0
 1378              		.section	.debug_abbrev,"",%progbits
 1379              	.Ldebug_abbrev0:
 1380 0000 01       		.uleb128 0x1
 1381 0001 11       		.uleb128 0x11
 1382 0002 01       		.byte	0x1
 1383 0003 25       		.uleb128 0x25
 1384 0004 0E       		.uleb128 0xe
 1385 0005 13       		.uleb128 0x13
 1386 0006 0B       		.uleb128 0xb
 1387 0007 03       		.uleb128 0x3
 1388 0008 0E       		.uleb128 0xe
 1389 0009 1B       		.uleb128 0x1b
 1390 000a 0E       		.uleb128 0xe
 1391 000b 10       		.uleb128 0x10
 1392 000c 17       		.uleb128 0x17
 1393 000d 00       		.byte	0
 1394 000e 00       		.byte	0
 1395 000f 02       		.uleb128 0x2
 1396 0010 24       		.uleb128 0x24
 1397 0011 00       		.byte	0
 1398 0012 0B       		.uleb128 0xb
 1399 0013 0B       		.uleb128 0xb
 1400 0014 3E       		.uleb128 0x3e
 1401 0015 0B       		.uleb128 0xb
 1402 0016 03       		.uleb128 0x3
 1403 0017 0E       		.uleb128 0xe
 1404 0018 00       		.byte	0
 1405 0019 00       		.byte	0
 1406 001a 03       		.uleb128 0x3
 1407 001b 16       		.uleb128 0x16
 1408 001c 00       		.byte	0
 1409 001d 03       		.uleb128 0x3
 1410 001e 0E       		.uleb128 0xe
 1411 001f 3A       		.uleb128 0x3a
 1412 0020 0B       		.uleb128 0xb
 1413 0021 3B       		.uleb128 0x3b
 1414 0022 0B       		.uleb128 0xb
 1415 0023 49       		.uleb128 0x49
 1416 0024 13       		.uleb128 0x13
 1417 0025 00       		.byte	0
 1418 0026 00       		.byte	0
 1419 0027 04       		.uleb128 0x4
 1420 0028 24       		.uleb128 0x24
 1421 0029 00       		.byte	0
ARM GAS  C:\Users\dhous\AppData\Local\Temp\ccdSZlMB.s 			page 26


 1422 002a 0B       		.uleb128 0xb
 1423 002b 0B       		.uleb128 0xb
 1424 002c 3E       		.uleb128 0x3e
 1425 002d 0B       		.uleb128 0xb
 1426 002e 03       		.uleb128 0x3
 1427 002f 08       		.uleb128 0x8
 1428 0030 00       		.byte	0
 1429 0031 00       		.byte	0
 1430 0032 05       		.uleb128 0x5
 1431 0033 01       		.uleb128 0x1
 1432 0034 01       		.byte	0x1
 1433 0035 49       		.uleb128 0x49
 1434 0036 13       		.uleb128 0x13
 1435 0037 01       		.uleb128 0x1
 1436 0038 13       		.uleb128 0x13
 1437 0039 00       		.byte	0
 1438 003a 00       		.byte	0
 1439 003b 06       		.uleb128 0x6
 1440 003c 21       		.uleb128 0x21
 1441 003d 00       		.byte	0
 1442 003e 49       		.uleb128 0x49
 1443 003f 13       		.uleb128 0x13
 1444 0040 2F       		.uleb128 0x2f
 1445 0041 05       		.uleb128 0x5
 1446 0042 00       		.byte	0
 1447 0043 00       		.byte	0
 1448 0044 07       		.uleb128 0x7
 1449 0045 26       		.uleb128 0x26
 1450 0046 00       		.byte	0
 1451 0047 49       		.uleb128 0x49
 1452 0048 13       		.uleb128 0x13
 1453 0049 00       		.byte	0
 1454 004a 00       		.byte	0
 1455 004b 08       		.uleb128 0x8
 1456 004c 34       		.uleb128 0x34
 1457 004d 00       		.byte	0
 1458 004e 03       		.uleb128 0x3
 1459 004f 0E       		.uleb128 0xe
 1460 0050 3A       		.uleb128 0x3a
 1461 0051 0B       		.uleb128 0xb
 1462 0052 3B       		.uleb128 0x3b
 1463 0053 0B       		.uleb128 0xb
 1464 0054 49       		.uleb128 0x49
 1465 0055 13       		.uleb128 0x13
 1466 0056 3F       		.uleb128 0x3f
 1467 0057 19       		.uleb128 0x19
 1468 0058 02       		.uleb128 0x2
 1469 0059 18       		.uleb128 0x18
 1470 005a 00       		.byte	0
 1471 005b 00       		.byte	0
 1472 005c 09       		.uleb128 0x9
 1473 005d 21       		.uleb128 0x21
 1474 005e 00       		.byte	0
 1475 005f 49       		.uleb128 0x49
 1476 0060 13       		.uleb128 0x13
 1477 0061 2F       		.uleb128 0x2f
 1478 0062 0B       		.uleb128 0xb
ARM GAS  C:\Users\dhous\AppData\Local\Temp\ccdSZlMB.s 			page 27


 1479 0063 00       		.byte	0
 1480 0064 00       		.byte	0
 1481 0065 0A       		.uleb128 0xa
 1482 0066 34       		.uleb128 0x34
 1483 0067 00       		.byte	0
 1484 0068 03       		.uleb128 0x3
 1485 0069 0E       		.uleb128 0xe
 1486 006a 3A       		.uleb128 0x3a
 1487 006b 0B       		.uleb128 0xb
 1488 006c 3B       		.uleb128 0x3b
 1489 006d 05       		.uleb128 0x5
 1490 006e 49       		.uleb128 0x49
 1491 006f 13       		.uleb128 0x13
 1492 0070 3F       		.uleb128 0x3f
 1493 0071 19       		.uleb128 0x19
 1494 0072 02       		.uleb128 0x2
 1495 0073 18       		.uleb128 0x18
 1496 0074 00       		.byte	0
 1497 0075 00       		.byte	0
 1498 0076 00       		.byte	0
 1499              		.section	.debug_aranges,"",%progbits
 1500 0000 14000000 		.4byte	0x14
 1501 0004 0200     		.2byte	0x2
 1502 0006 00000000 		.4byte	.Ldebug_info0
 1503 000a 04       		.byte	0x4
 1504 000b 00       		.byte	0
 1505 000c 0000     		.2byte	0
 1506 000e 0000     		.2byte	0
 1507 0010 00000000 		.4byte	0
 1508 0014 00000000 		.4byte	0
 1509              		.section	.debug_line,"",%progbits
 1510              	.Ldebug_line0:
 1511 0000 31010000 		.section	.debug_str,"MS",%progbits,1
 1511      02002B01 
 1511      00000201 
 1511      FB0E0D00 
 1511      01010101 
 1512              	.LASF9:
 1513 0000 5F5F7569 		.ascii	"__uint8_t\000"
 1513      6E74385F 
 1513      7400
 1514              	.LASF16:
 1515 000a 63795F6D 		.ascii	"cy_metadata\000"
 1515      65746164 
 1515      61746100 
 1516              	.LASF1:
 1517 0016 756E7369 		.ascii	"unsigned char\000"
 1517      676E6564 
 1517      20636861 
 1517      7200
 1518              	.LASF17:
 1519 0024 474E5520 		.ascii	"GNU C11 5.4.1 20160609 (release) [ARM/embedded-5-br"
 1519      43313120 
 1519      352E342E 
 1519      31203230 
 1519      31363036 
 1520 0057 616E6368 		.ascii	"anch revision 237715] -mcpu=cortex-m3 -mthumb -g -O"
ARM GAS  C:\Users\dhous\AppData\Local\Temp\ccdSZlMB.s 			page 28


 1520      20726576 
 1520      6973696F 
 1520      6E203233 
 1520      37373135 
 1521 008a 67202D66 		.ascii	"g -ffunction-sections -ffat-lto-objects\000"
 1521      66756E63 
 1521      74696F6E 
 1521      2D736563 
 1521      74696F6E 
 1522              	.LASF5:
 1523 00b2 6C6F6E67 		.ascii	"long unsigned int\000"
 1523      20756E73 
 1523      69676E65 
 1523      6420696E 
 1523      7400
 1524              	.LASF3:
 1525 00c4 73686F72 		.ascii	"short unsigned int\000"
 1525      7420756E 
 1525      7369676E 
 1525      65642069 
 1525      6E7400
 1526              	.LASF13:
 1527 00d7 63795F6D 		.ascii	"cy_meta_custnvl\000"
 1527      6574615F 
 1527      63757374 
 1527      6E766C00 
 1528              	.LASF12:
 1529 00e7 63795F6D 		.ascii	"cy_meta_configecc\000"
 1529      6574615F 
 1529      636F6E66 
 1529      69676563 
 1529      6300
 1530              	.LASF19:
 1531 00f9 433A5C55 		.ascii	"C:\\Users\\dhous\\Documents\\Workspace09\\USBMIDI a"
 1531      73657273 
 1531      5C64686F 
 1531      75735C44 
 1531      6F63756D 
 1532 0127 6E642057 		.ascii	"nd WiiChuck.cydsn\000"
 1532      69694368 
 1532      75636B2E 
 1532      63796473 
 1532      6E00
 1533              	.LASF8:
 1534 0139 756E7369 		.ascii	"unsigned int\000"
 1534      676E6564 
 1534      20696E74 
 1534      00
 1535              	.LASF7:
 1536 0146 6C6F6E67 		.ascii	"long long unsigned int\000"
 1536      206C6F6E 
 1536      6720756E 
 1536      7369676E 
 1536      65642069 
 1537              	.LASF10:
 1538 015d 75696E74 		.ascii	"uint8_t\000"
 1538      385F7400 
ARM GAS  C:\Users\dhous\AppData\Local\Temp\ccdSZlMB.s 			page 29


 1539              	.LASF15:
 1540 0165 63795F6D 		.ascii	"cy_meta_flashprotect\000"
 1540      6574615F 
 1540      666C6173 
 1540      6870726F 
 1540      74656374 
 1541              	.LASF14:
 1542 017a 63795F6D 		.ascii	"cy_meta_wonvl\000"
 1542      6574615F 
 1542      776F6E76 
 1542      6C00
 1543              	.LASF11:
 1544 0188 73697A65 		.ascii	"sizetype\000"
 1544      74797065 
 1544      00
 1545              	.LASF6:
 1546 0191 6C6F6E67 		.ascii	"long long int\000"
 1546      206C6F6E 
 1546      6720696E 
 1546      7400
 1547              	.LASF2:
 1548 019f 73686F72 		.ascii	"short int\000"
 1548      7420696E 
 1548      7400
 1549              	.LASF4:
 1550 01a9 6C6F6E67 		.ascii	"long int\000"
 1550      20696E74 
 1550      00
 1551              	.LASF0:
 1552 01b2 7369676E 		.ascii	"signed char\000"
 1552      65642063 
 1552      68617200 
 1553              	.LASF18:
 1554 01be 47656E65 		.ascii	"Generated_Source\\PSoC5\\cymetadata.c\000"
 1554      72617465 
 1554      645F536F 
 1554      75726365 
 1554      5C50536F 
 1555              		.ident	"GCC: (GNU Tools for ARM Embedded Processors) 5.4.1 20160609 (release) [ARM/embedded-5-bran
