ARM GAS  C:\Users\dhous\AppData\Local\Temp\ccdKloqd.s 			page 1


   1              		.syntax unified
   2              		.cpu cortex-m3
   3              		.fpu softvfp
   4              		.eabi_attribute 20, 1
   5              		.eabi_attribute 21, 1
   6              		.eabi_attribute 23, 3
   7              		.eabi_attribute 24, 1
   8              		.eabi_attribute 25, 1
   9              		.eabi_attribute 26, 1
  10              		.eabi_attribute 30, 1
  11              		.eabi_attribute 34, 1
  12              		.eabi_attribute 18, 4
  13              		.thumb
  14              		.syntax unified
  15              		.file	"main.c"
  16              		.text
  17              	.Ltext0:
  18              		.cfi_sections	.debug_frame
  19              		.section	.text.systick_handler,"ax",%progbits
  20              		.align	2
  21              		.global	systick_handler
  22              		.thumb
  23              		.thumb_func
  24              		.type	systick_handler, %function
  25              	systick_handler:
  26              	.LFB64:
  27              		.file 1 "main.c"
   1:main.c        **** /* ========================================
   2:main.c        ****  *
   3:main.c        ****  * Copyright YOUR COMPANY, THE YEAR
   4:main.c        ****  * All Rights Reserved
   5:main.c        ****  * UNPUBLISHED, LICENSED SOFTWARE.
   6:main.c        ****  *
   7:main.c        ****  * CONFIDENTIAL AND PROPRIETARY INFORMATION
   8:main.c        ****  * WHICH IS THE PROPERTY OF your company.
   9:main.c        ****  *
  10:main.c        ****  * ========================================
  11:main.c        **** */
  12:main.c        **** #include "project.h"
  13:main.c        **** #include "wiichuck.h"
  14:main.c        **** #include "i2c_helper.h"
  15:main.c        **** 
  16:main.c        **** volatile uint32_t i2c_ms_counter; // 16 bits gives up to 32 seconds on the positive side
  17:main.c        **** 
  18:main.c        **** void systick_handler()
  19:main.c        **** {
  28              		.loc 1 19 0
  29              		.cfi_startproc
  30              		@ args = 0, pretend = 0, frame = 0
  31              		@ frame_needed = 0, uses_anonymous_args = 0
  32              		@ link register save eliminated.
  20:main.c        ****     i2c_ms_counter++;
  33              		.loc 1 20 0
  34 0000 024A     		ldr	r2, .L2
  35 0002 1368     		ldr	r3, [r2]
  36 0004 0133     		adds	r3, r3, #1
  37 0006 1360     		str	r3, [r2]
ARM GAS  C:\Users\dhous\AppData\Local\Temp\ccdKloqd.s 			page 2


  38 0008 7047     		bx	lr
  39              	.L3:
  40 000a 00BF     		.align	2
  41              	.L2:
  42 000c 00000000 		.word	i2c_ms_counter
  43              		.cfi_endproc
  44              	.LFE64:
  45              		.size	systick_handler, .-systick_handler
  46              		.section	.text.MIDI_test,"ax",%progbits
  47              		.align	2
  48              		.global	MIDI_test
  49              		.thumb
  50              		.thumb_func
  51              		.type	MIDI_test, %function
  52              	MIDI_test:
  53              	.LFB65:
  21:main.c        **** }
  22:main.c        **** 
  23:main.c        **** 
  24:main.c        **** void MIDI_test()
  25:main.c        **** {
  54              		.loc 1 25 0
  55              		.cfi_startproc
  56              		@ args = 0, pretend = 0, frame = 8
  57              		@ frame_needed = 0, uses_anonymous_args = 0
  58 0000 00B5     		push	{lr}
  59              		.cfi_def_cfa_offset 4
  60              		.cfi_offset 14, -4
  61 0002 83B0     		sub	sp, sp, #12
  62              		.cfi_def_cfa_offset 16
  26:main.c        ****         uint8_t midiOn[] = {0x90 | 0x01, 62, 127}; // channel 1, middle C, full velocity
  63              		.loc 1 26 0
  64 0004 1D4B     		ldr	r3, .L10
  65 0006 1988     		ldrh	r1, [r3]	@ unaligned
  66 0008 9A78     		ldrb	r2, [r3, #2]	@ zero_extendqisi2
  67 000a ADF80410 		strh	r1, [sp, #4]	@ unaligned
  68 000e 8DF80620 		strb	r2, [sp, #6]
  27:main.c        ****         uint8_t midiOff[] = {0x80 | 0x01, 62, 0}; // channel 1, middle C, full velocity
  69              		.loc 1 27 0
  70 0012 33F8042F 		ldrh	r2, [r3, #4]!	@ unaligned
  71 0016 9B78     		ldrb	r3, [r3, #2]	@ zero_extendqisi2
  72 0018 ADF80020 		strh	r2, [sp]	@ unaligned
  73 001c 8DF80230 		strb	r3, [sp, #2]
  28:main.c        ****             
  29:main.c        ****         UART_PutString("MIDI Test! ");
  74              		.loc 1 29 0
  75 0020 1748     		ldr	r0, .L10+4
  76 0022 FFF7FEFF 		bl	UART_PutString
  77              	.LVL0:
  30:main.c        ****         //USBMIDI_PutUsbMidiIn(uint8 ic, const uint8 midiMsg[], uint8 cable)
  31:main.c        ****         uint8_t t = USBMIDI_PutUsbMidiIn(3, midiOn, USBMIDI_MIDI_CABLE_00);
  78              		.loc 1 31 0
  79 0026 0022     		movs	r2, #0
  80 0028 01A9     		add	r1, sp, #4
  81 002a 0320     		movs	r0, #3
  82 002c FFF7FEFF 		bl	USBMIDI_PutUsbMidiIn
  83              	.LVL1:
ARM GAS  C:\Users\dhous\AppData\Local\Temp\ccdKloqd.s 			page 3


  32:main.c        ****         
  33:main.c        ****         if (t == USBMIDI_TRUE)
  84              		.loc 1 33 0
  85 0030 0128     		cmp	r0, #1
  86 0032 03D1     		bne	.L5
  34:main.c        ****         {
  35:main.c        ****             UART_PutString("True \r\n");
  87              		.loc 1 35 0
  88 0034 1348     		ldr	r0, .L10+8
  89              	.LVL2:
  90 0036 FFF7FEFF 		bl	UART_PutString
  91              	.LVL3:
  92 003a 02E0     		b	.L6
  93              	.LVL4:
  94              	.L5:
  36:main.c        ****         }
  37:main.c        ****         else
  38:main.c        ****         {
  39:main.c        ****             UART_PutString("False \r\n");
  95              		.loc 1 39 0
  96 003c 1248     		ldr	r0, .L10+12
  97              	.LVL5:
  98 003e FFF7FEFF 		bl	UART_PutString
  99              	.LVL6:
 100              	.L6:
  40:main.c        ****         }
  41:main.c        ****         
  42:main.c        ****         USBMIDI_MIDI_IN_Service();
 101              		.loc 1 42 0
 102 0042 FFF7FEFF 		bl	USBMIDI_MIDI_IN_Service
 103              	.LVL7:
  43:main.c        ****         
  44:main.c        ****         CyDelay(1000);
 104              		.loc 1 44 0
 105 0046 4FF47A70 		mov	r0, #1000
 106 004a FFF7FEFF 		bl	CyDelay
 107              	.LVL8:
  45:main.c        ****         
  46:main.c        ****         t = USBMIDI_PutUsbMidiIn(3, midiOff, USBMIDI_MIDI_CABLE_00);
 108              		.loc 1 46 0
 109 004e 0022     		movs	r2, #0
 110 0050 6946     		mov	r1, sp
 111 0052 0320     		movs	r0, #3
 112 0054 FFF7FEFF 		bl	USBMIDI_PutUsbMidiIn
 113              	.LVL9:
  47:main.c        ****         if (t == USBMIDI_TRUE)
 114              		.loc 1 47 0
 115 0058 0128     		cmp	r0, #1
 116 005a 03D1     		bne	.L7
  48:main.c        ****         {
  49:main.c        ****             UART_PutString("True \r\n");
 117              		.loc 1 49 0
 118 005c 0948     		ldr	r0, .L10+8
 119              	.LVL10:
 120 005e FFF7FEFF 		bl	UART_PutString
 121              	.LVL11:
 122 0062 02E0     		b	.L8
ARM GAS  C:\Users\dhous\AppData\Local\Temp\ccdKloqd.s 			page 4


 123              	.LVL12:
 124              	.L7:
  50:main.c        ****         }
  51:main.c        ****         else
  52:main.c        ****         {
  53:main.c        ****             UART_PutString("False \r\n");
 125              		.loc 1 53 0
 126 0064 0848     		ldr	r0, .L10+12
 127              	.LVL13:
 128 0066 FFF7FEFF 		bl	UART_PutString
 129              	.LVL14:
 130              	.L8:
  54:main.c        ****         }
  55:main.c        ****         USBMIDI_MIDI_IN_Service();
 131              		.loc 1 55 0
 132 006a FFF7FEFF 		bl	USBMIDI_MIDI_IN_Service
 133              	.LVL15:
  56:main.c        ****         
  57:main.c        ****         CyDelay(1000);    
 134              		.loc 1 57 0
 135 006e 4FF47A70 		mov	r0, #1000
 136 0072 FFF7FEFF 		bl	CyDelay
 137              	.LVL16:
  58:main.c        **** }
 138              		.loc 1 58 0
 139 0076 03B0     		add	sp, sp, #12
 140              		.cfi_def_cfa_offset 4
 141              		@ sp needed
 142 0078 5DF804FB 		ldr	pc, [sp], #4
 143              	.L11:
 144              		.align	2
 145              	.L10:
 146 007c 00000000 		.word	.LANCHOR0
 147 0080 00000000 		.word	.LC2
 148 0084 0C000000 		.word	.LC3
 149 0088 14000000 		.word	.LC4
 150              		.cfi_endproc
 151              	.LFE65:
 152              		.size	MIDI_test, .-MIDI_test
 153              		.section	.text.main,"ax",%progbits
 154              		.align	2
 155              		.global	main
 156              		.thumb
 157              		.thumb_func
 158              		.type	main, %function
 159              	main:
 160              	.LFB66:
  59:main.c        **** 
  60:main.c        **** int main(void)
  61:main.c        **** {
 161              		.loc 1 61 0
 162              		.cfi_startproc
 163              		@ Volatile: function does not return.
 164              		@ args = 0, pretend = 0, frame = 0
 165              		@ frame_needed = 0, uses_anonymous_args = 0
 166 0000 08B5     		push	{r3, lr}
 167              		.cfi_def_cfa_offset 8
ARM GAS  C:\Users\dhous\AppData\Local\Temp\ccdKloqd.s 			page 5


 168              		.cfi_offset 3, -8
 169              		.cfi_offset 14, -4
  62:main.c        ****     CyGlobalIntEnable; /* Enable global interrupts. */
 170              		.loc 1 62 0
 171              		.syntax unified
 172              	@ 62 "main.c" 1
 173 0002 62B6     		CPSIE   i
 174              	@ 0 "" 2
  63:main.c        ****     USBMIDI_Start(0, USBMIDI_5V_OPERATION);
 175              		.loc 1 63 0
 176              		.thumb
 177              		.syntax unified
 178 0004 0121     		movs	r1, #1
 179 0006 0020     		movs	r0, #0
 180 0008 FFF7FEFF 		bl	USBMIDI_Start
 181              	.LVL17:
  64:main.c        ****     UART_Start();
 182              		.loc 1 64 0
 183 000c FFF7FEFF 		bl	UART_Start
 184              	.LVL18:
  65:main.c        **** 
  66:main.c        ****     USBMIDI_Init();
 185              		.loc 1 66 0
 186 0010 FFF7FEFF 		bl	USBMIDI_Init
 187              	.LVL19:
  67:main.c        ****     I2C_Start();
 188              		.loc 1 67 0
 189 0014 FFF7FEFF 		bl	I2C_Start
 190              	.LVL20:
  68:main.c        ****     
  69:main.c        ****     CySysTickSetCallback(0, systick_handler);
 191              		.loc 1 69 0
 192 0018 0A49     		ldr	r1, .L15
 193 001a 0020     		movs	r0, #0
 194 001c FFF7FEFF 		bl	CySysTickSetCallback
 195              	.LVL21:
  70:main.c        ****     CySysTickStart();
 196              		.loc 1 70 0
 197 0020 FFF7FEFF 		bl	CySysTickStart
 198              	.LVL22:
  71:main.c        ****     CySysTickEnable();
 199              		.loc 1 71 0
 200 0024 FFF7FEFF 		bl	CySysTickEnable
 201              	.LVL23:
  72:main.c        **** 
  73:main.c        ****     UART_PutString("Initializing wiichuck\r\n");
 202              		.loc 1 73 0
 203 0028 0748     		ldr	r0, .L15+4
 204 002a FFF7FEFF 		bl	UART_PutString
 205              	.LVL24:
  74:main.c        ****     wiichuck_begin(); // initialize the wiichuck
 206              		.loc 1 74 0
 207 002e FFF7FEFF 		bl	wiichuck_begin
 208              	.LVL25:
 209              	.L13:
  75:main.c        **** 
  76:main.c        ****     /* Place your initialization/startup code here (e.g. MyInst_Start()) */
ARM GAS  C:\Users\dhous\AppData\Local\Temp\ccdKloqd.s 			page 6


  77:main.c        **** 
  78:main.c        ****     for(;;)
  79:main.c        ****     {
  80:main.c        ****         wiichuck_get_raw_motion_status();
 210              		.loc 1 80 0 discriminator 1
 211 0032 FFF7FEFF 		bl	wiichuck_get_raw_motion_status
 212              	.LVL26:
  81:main.c        ****       
  82:main.c        ****         
  83:main.c        ****         wiichuck_print_raw_motion_status();
 213              		.loc 1 83 0 discriminator 1
 214 0036 FFF7FEFF 		bl	wiichuck_print_raw_motion_status
 215              	.LVL27:
  84:main.c        ****         
  85:main.c        ****         CyDelay(10);
 216              		.loc 1 85 0 discriminator 1
 217 003a 0A20     		movs	r0, #10
 218 003c FFF7FEFF 		bl	CyDelay
 219              	.LVL28:
 220 0040 F7E7     		b	.L13
 221              	.L16:
 222 0042 00BF     		.align	2
 223              	.L15:
 224 0044 00000000 		.word	systick_handler
 225 0048 20000000 		.word	.LC5
 226              		.cfi_endproc
 227              	.LFE66:
 228              		.size	main, .-main
 229              		.comm	i2c_ms_counter,4,4
 230              		.comm	initialization_buffer,4,4
 231              		.comm	buttonC,1,1
 232              		.comm	buttonZ,1,1
 233              		.comm	joyY,1,1
 234              		.comm	joyX,1,1
 235              		.comm	lastC,1,1
 236              		.comm	lastZ,1,1
 237              		.comm	wiichuck_state,10,4
 238              		.comm	angles,12,4
 239              		.comm	lastJoyY,4,4
 240              		.comm	lastJoyX,4,4
 241              		.comm	zeroJoyY,1,1
 242              		.comm	zeroJoyX,1,1
 243              		.comm	total,4,4
 244              		.comm	i,4,4
 245              		.comm	averageCounter,1,1
 246              		.comm	wiichuck_status_result_array,6,4
 247              		.comm	wiichuck_status_request_array,1,4
 248              		.comm	cnt,1,1
 249              		.comm	I2C_status,18,4
 250              		.section	.rodata
 251              		.align	2
 252              		.set	.LANCHOR0,. + 0
 253              	.LC0:
 254 0000 91       		.byte	-111
 255 0001 3E       		.byte	62
 256 0002 7F       		.byte	127
 257 0003 00       		.space	1
ARM GAS  C:\Users\dhous\AppData\Local\Temp\ccdKloqd.s 			page 7


 258              	.LC1:
 259 0004 81       		.byte	-127
 260 0005 3E       		.byte	62
 261 0006 00       		.byte	0
 262              		.section	.rodata.str1.4,"aMS",%progbits,1
 263              		.align	2
 264              	.LC2:
 265 0000 4D494449 		.ascii	"MIDI Test! \000"
 265      20546573 
 265      74212000 
 266              	.LC3:
 267 000c 54727565 		.ascii	"True \015\012\000"
 267      200D0A00 
 268              	.LC4:
 269 0014 46616C73 		.ascii	"False \015\012\000"
 269      65200D0A 
 269      00
 270 001d 000000   		.space	3
 271              	.LC5:
 272 0020 496E6974 		.ascii	"Initializing wiichuck\015\012\000"
 272      69616C69 
 272      7A696E67 
 272      20776969 
 272      63687563 
 273              		.text
 274              	.Letext0:
 275              		.file 2 "c:\\program files\\cypress\\psoc creator\\4.1\\psoc creator\\import\\gnu\\arm\\5.4.1\\arm
 276              		.file 3 "c:\\program files\\cypress\\psoc creator\\4.1\\psoc creator\\import\\gnu\\arm\\5.4.1\\arm
 277              		.file 4 "i2c_helper.h"
 278              		.file 5 "wiichuck.h"
 279              		.file 6 "Generated_Source\\PSoC5/core_cm3.h"
 280              		.file 7 "Generated_Source\\PSoC5/UART.h"
 281              		.file 8 "Generated_Source\\PSoC5/USBMIDI_midi.h"
 282              		.file 9 "Generated_Source\\PSoC5/CyLib.h"
 283              		.file 10 "Generated_Source\\PSoC5/USBMIDI.h"
 284              		.file 11 "Generated_Source\\PSoC5/I2C.h"
 285              		.section	.debug_info,"",%progbits
 286              	.Ldebug_info0:
 287 0000 6C060000 		.4byte	0x66c
 288 0004 0400     		.2byte	0x4
 289 0006 00000000 		.4byte	.Ldebug_abbrev0
 290 000a 04       		.byte	0x4
 291 000b 01       		.uleb128 0x1
 292 000c 52040000 		.4byte	.LASF75
 293 0010 0C       		.byte	0xc
 294 0011 80030000 		.4byte	.LASF76
 295 0015 3A010000 		.4byte	.LASF77
 296 0019 00000000 		.4byte	.Ldebug_ranges0+0
 297 001d 00000000 		.4byte	0
 298 0021 00000000 		.4byte	.Ldebug_line0
 299 0025 02       		.uleb128 0x2
 300 0026 01       		.byte	0x1
 301 0027 06       		.byte	0x6
 302 0028 1C020000 		.4byte	.LASF0
 303 002c 03       		.uleb128 0x3
 304 002d 87020000 		.4byte	.LASF3
 305 0031 02       		.byte	0x2
ARM GAS  C:\Users\dhous\AppData\Local\Temp\ccdKloqd.s 			page 8


 306 0032 1D       		.byte	0x1d
 307 0033 37000000 		.4byte	0x37
 308 0037 02       		.uleb128 0x2
 309 0038 01       		.byte	0x1
 310 0039 08       		.byte	0x8
 311 003a 0E020000 		.4byte	.LASF1
 312 003e 02       		.uleb128 0x2
 313 003f 02       		.byte	0x2
 314 0040 05       		.byte	0x5
 315 0041 7B000000 		.4byte	.LASF2
 316 0045 03       		.uleb128 0x3
 317 0046 A7000000 		.4byte	.LASF4
 318 004a 02       		.byte	0x2
 319 004b 2B       		.byte	0x2b
 320 004c 50000000 		.4byte	0x50
 321 0050 02       		.uleb128 0x2
 322 0051 02       		.byte	0x2
 323 0052 07       		.byte	0x7
 324 0053 A2020000 		.4byte	.LASF5
 325 0057 03       		.uleb128 0x3
 326 0058 CC030000 		.4byte	.LASF6
 327 005c 02       		.byte	0x2
 328 005d 3F       		.byte	0x3f
 329 005e 62000000 		.4byte	0x62
 330 0062 02       		.uleb128 0x2
 331 0063 04       		.byte	0x4
 332 0064 05       		.byte	0x5
 333 0065 A3010000 		.4byte	.LASF7
 334 0069 03       		.uleb128 0x3
 335 006a 93000000 		.4byte	.LASF8
 336 006e 02       		.byte	0x2
 337 006f 41       		.byte	0x41
 338 0070 74000000 		.4byte	0x74
 339 0074 02       		.uleb128 0x2
 340 0075 04       		.byte	0x4
 341 0076 07       		.byte	0x7
 342 0077 87030000 		.4byte	.LASF9
 343 007b 02       		.uleb128 0x2
 344 007c 08       		.byte	0x8
 345 007d 05       		.byte	0x5
 346 007e 7A010000 		.4byte	.LASF10
 347 0082 02       		.uleb128 0x2
 348 0083 08       		.byte	0x8
 349 0084 07       		.byte	0x7
 350 0085 28020000 		.4byte	.LASF11
 351 0089 04       		.uleb128 0x4
 352 008a 04       		.byte	0x4
 353 008b 05       		.byte	0x5
 354 008c 696E7400 		.ascii	"int\000"
 355 0090 02       		.uleb128 0x2
 356 0091 04       		.byte	0x4
 357 0092 07       		.byte	0x7
 358 0093 51020000 		.4byte	.LASF12
 359 0097 03       		.uleb128 0x3
 360 0098 D9000000 		.4byte	.LASF13
 361 009c 03       		.byte	0x3
 362 009d 18       		.byte	0x18
ARM GAS  C:\Users\dhous\AppData\Local\Temp\ccdKloqd.s 			page 9


 363 009e 2C000000 		.4byte	0x2c
 364 00a2 03       		.uleb128 0x3
 365 00a3 6E020000 		.4byte	.LASF14
 366 00a7 03       		.byte	0x3
 367 00a8 24       		.byte	0x24
 368 00a9 45000000 		.4byte	0x45
 369 00ad 03       		.uleb128 0x3
 370 00ae F7020000 		.4byte	.LASF15
 371 00b2 03       		.byte	0x3
 372 00b3 2C       		.byte	0x2c
 373 00b4 57000000 		.4byte	0x57
 374 00b8 03       		.uleb128 0x3
 375 00b9 F6000000 		.4byte	.LASF16
 376 00bd 03       		.byte	0x3
 377 00be 30       		.byte	0x30
 378 00bf 69000000 		.4byte	0x69
 379 00c3 02       		.uleb128 0x2
 380 00c4 04       		.byte	0x4
 381 00c5 04       		.byte	0x4
 382 00c6 16000000 		.4byte	.LASF17
 383 00ca 02       		.uleb128 0x2
 384 00cb 08       		.byte	0x8
 385 00cc 04       		.byte	0x4
 386 00cd 99030000 		.4byte	.LASF18
 387 00d1 02       		.uleb128 0x2
 388 00d2 01       		.byte	0x1
 389 00d3 08       		.byte	0x8
 390 00d4 9E010000 		.4byte	.LASF19
 391 00d8 02       		.uleb128 0x2
 392 00d9 08       		.byte	0x8
 393 00da 04       		.byte	0x4
 394 00db 02020000 		.4byte	.LASF20
 395 00df 02       		.uleb128 0x2
 396 00e0 04       		.byte	0x4
 397 00e1 07       		.byte	0x7
 398 00e2 85000000 		.4byte	.LASF21
 399 00e6 05       		.uleb128 0x5
 400 00e7 B8000000 		.4byte	0xb8
 401 00eb 06       		.uleb128 0x6
 402 00ec BA030000 		.4byte	.LASF78
 403 00f0 01       		.byte	0x1
 404 00f1 37000000 		.4byte	0x37
 405 00f5 04       		.byte	0x4
 406 00f6 0B       		.byte	0xb
 407 00f7 14010000 		.4byte	0x114
 408 00fb 07       		.uleb128 0x7
 409 00fc A0030000 		.4byte	.LASF22
 410 0100 00       		.byte	0
 411 0101 07       		.uleb128 0x7
 412 0102 0A050000 		.4byte	.LASF23
 413 0106 01       		.byte	0x1
 414 0107 07       		.uleb128 0x7
 415 0108 FF020000 		.4byte	.LASF24
 416 010c 02       		.byte	0x2
 417 010d 07       		.uleb128 0x7
 418 010e D6030000 		.4byte	.LASF25
 419 0112 03       		.byte	0x3
ARM GAS  C:\Users\dhous\AppData\Local\Temp\ccdKloqd.s 			page 10


 420 0113 00       		.byte	0
 421 0114 08       		.uleb128 0x8
 422 0115 12       		.byte	0x12
 423 0116 04       		.byte	0x4
 424 0117 14       		.byte	0x14
 425 0118 AC010000 		.4byte	0x1ac
 426 011c 09       		.uleb128 0x9
 427 011d FC040000 		.4byte	.LASF26
 428 0121 04       		.byte	0x4
 429 0122 15       		.byte	0x15
 430 0123 A2000000 		.4byte	0xa2
 431 0127 00       		.byte	0
 432 0128 09       		.uleb128 0x9
 433 0129 65000000 		.4byte	.LASF27
 434 012d 04       		.byte	0x4
 435 012e 16       		.byte	0x16
 436 012f A2000000 		.4byte	0xa2
 437 0133 02       		.byte	0x2
 438 0134 09       		.uleb128 0x9
 439 0135 BB010000 		.4byte	.LASF28
 440 0139 04       		.byte	0x4
 441 013a 17       		.byte	0x17
 442 013b A2000000 		.4byte	0xa2
 443 013f 04       		.byte	0x4
 444 0140 09       		.uleb128 0x9
 445 0141 91020000 		.4byte	.LASF29
 446 0145 04       		.byte	0x4
 447 0146 18       		.byte	0x18
 448 0147 A2000000 		.4byte	0xa2
 449 014b 06       		.byte	0x6
 450 014c 09       		.uleb128 0x9
 451 014d 5E020000 		.4byte	.LASF30
 452 0151 04       		.byte	0x4
 453 0152 19       		.byte	0x19
 454 0153 A2000000 		.4byte	0xa2
 455 0157 08       		.byte	0x8
 456 0158 09       		.uleb128 0x9
 457 0159 ED030000 		.4byte	.LASF31
 458 015d 04       		.byte	0x4
 459 015e 1A       		.byte	0x1a
 460 015f 97000000 		.4byte	0x97
 461 0163 0A       		.byte	0xa
 462 0164 09       		.uleb128 0x9
 463 0165 3B030000 		.4byte	.LASF32
 464 0169 04       		.byte	0x4
 465 016a 1B       		.byte	0x1b
 466 016b 97000000 		.4byte	0x97
 467 016f 0B       		.byte	0xb
 468 0170 09       		.uleb128 0x9
 469 0171 2D030000 		.4byte	.LASF33
 470 0175 04       		.byte	0x4
 471 0176 1C       		.byte	0x1c
 472 0177 97000000 		.4byte	0x97
 473 017b 0C       		.byte	0xc
 474 017c 09       		.uleb128 0x9
 475 017d FF000000 		.4byte	.LASF34
 476 0181 04       		.byte	0x4
ARM GAS  C:\Users\dhous\AppData\Local\Temp\ccdKloqd.s 			page 11


 477 0182 1D       		.byte	0x1d
 478 0183 97000000 		.4byte	0x97
 479 0187 0D       		.byte	0xd
 480 0188 09       		.uleb128 0x9
 481 0189 24000000 		.4byte	.LASF35
 482 018d 04       		.byte	0x4
 483 018e 1E       		.byte	0x1e
 484 018f 97000000 		.4byte	0x97
 485 0193 0E       		.byte	0xe
 486 0194 0A       		.uleb128 0xa
 487 0195 6F6B00   		.ascii	"ok\000"
 488 0198 04       		.byte	0x4
 489 0199 1F       		.byte	0x1f
 490 019a 97000000 		.4byte	0x97
 491 019e 0F       		.byte	0xf
 492 019f 09       		.uleb128 0x9
 493 01a0 1C030000 		.4byte	.LASF36
 494 01a4 04       		.byte	0x4
 495 01a5 20       		.byte	0x20
 496 01a6 EB000000 		.4byte	0xeb
 497 01aa 10       		.byte	0x10
 498 01ab 00       		.byte	0
 499 01ac 03       		.uleb128 0x3
 500 01ad 51000000 		.4byte	.LASF37
 501 01b1 04       		.byte	0x4
 502 01b2 21       		.byte	0x21
 503 01b3 14010000 		.4byte	0x114
 504 01b7 08       		.uleb128 0x8
 505 01b8 0A       		.byte	0xa
 506 01b9 05       		.byte	0x5
 507 01ba 25       		.byte	0x25
 508 01bb 0B020000 		.4byte	0x20b
 509 01bf 0A       		.uleb128 0xa
 510 01c0 4A5800   		.ascii	"JX\000"
 511 01c3 05       		.byte	0x5
 512 01c4 26       		.byte	0x26
 513 01c5 97000000 		.4byte	0x97
 514 01c9 00       		.byte	0
 515 01ca 0A       		.uleb128 0xa
 516 01cb 4A5900   		.ascii	"JY\000"
 517 01ce 05       		.byte	0x5
 518 01cf 26       		.byte	0x26
 519 01d0 97000000 		.4byte	0x97
 520 01d4 01       		.byte	0x1
 521 01d5 0A       		.uleb128 0xa
 522 01d6 415800   		.ascii	"AX\000"
 523 01d9 05       		.byte	0x5
 524 01da 27       		.byte	0x27
 525 01db A2000000 		.4byte	0xa2
 526 01df 02       		.byte	0x2
 527 01e0 0A       		.uleb128 0xa
 528 01e1 415900   		.ascii	"AY\000"
 529 01e4 05       		.byte	0x5
 530 01e5 27       		.byte	0x27
 531 01e6 A2000000 		.4byte	0xa2
 532 01ea 04       		.byte	0x4
 533 01eb 0A       		.uleb128 0xa
ARM GAS  C:\Users\dhous\AppData\Local\Temp\ccdKloqd.s 			page 12


 534 01ec 415A00   		.ascii	"AZ\000"
 535 01ef 05       		.byte	0x5
 536 01f0 27       		.byte	0x27
 537 01f1 A2000000 		.4byte	0xa2
 538 01f5 06       		.byte	0x6
 539 01f6 0A       		.uleb128 0xa
 540 01f7 4300     		.ascii	"C\000"
 541 01f9 05       		.byte	0x5
 542 01fa 28       		.byte	0x28
 543 01fb 97000000 		.4byte	0x97
 544 01ff 08       		.byte	0x8
 545 0200 0A       		.uleb128 0xa
 546 0201 5A00     		.ascii	"Z\000"
 547 0203 05       		.byte	0x5
 548 0204 28       		.byte	0x28
 549 0205 97000000 		.4byte	0x97
 550 0209 09       		.byte	0x9
 551 020a 00       		.byte	0
 552 020b 03       		.uleb128 0x3
 553 020c 77020000 		.4byte	.LASF38
 554 0210 05       		.byte	0x5
 555 0211 29       		.byte	0x29
 556 0212 B7010000 		.4byte	0x1b7
 557 0216 0B       		.uleb128 0xb
 558 0217 E5010000 		.4byte	.LASF79
 559 021b 01       		.byte	0x1
 560 021c 12       		.byte	0x12
 561 021d 00000000 		.4byte	.LFB64
 562 0221 10000000 		.4byte	.LFE64-.LFB64
 563 0225 01       		.uleb128 0x1
 564 0226 9C       		.byte	0x9c
 565 0227 0C       		.uleb128 0xc
 566 0228 49030000 		.4byte	.LASF80
 567 022c 01       		.byte	0x1
 568 022d 18       		.byte	0x18
 569 022e 00000000 		.4byte	.LFB65
 570 0232 8C000000 		.4byte	.LFE65-.LFB65
 571 0236 01       		.uleb128 0x1
 572 0237 9C       		.byte	0x9c
 573 0238 4D030000 		.4byte	0x34d
 574 023c 0D       		.uleb128 0xd
 575 023d 26030000 		.4byte	.LASF39
 576 0241 01       		.byte	0x1
 577 0242 1A       		.byte	0x1a
 578 0243 4D030000 		.4byte	0x34d
 579 0247 02       		.uleb128 0x2
 580 0248 91       		.byte	0x91
 581 0249 74       		.sleb128 -12
 582 024a 0D       		.uleb128 0xd
 583 024b 1C000000 		.4byte	.LASF40
 584 024f 01       		.byte	0x1
 585 0250 1B       		.byte	0x1b
 586 0251 4D030000 		.4byte	0x34d
 587 0255 02       		.uleb128 0x2
 588 0256 91       		.byte	0x91
 589 0257 70       		.sleb128 -16
 590 0258 0E       		.uleb128 0xe
ARM GAS  C:\Users\dhous\AppData\Local\Temp\ccdKloqd.s 			page 13


 591 0259 7400     		.ascii	"t\000"
 592 025b 01       		.byte	0x1
 593 025c 1F       		.byte	0x1f
 594 025d 97000000 		.4byte	0x97
 595 0261 00000000 		.4byte	.LLST0
 596 0265 0F       		.uleb128 0xf
 597 0266 26000000 		.4byte	.LVL0
 598 026a D3050000 		.4byte	0x5d3
 599 026e 7C020000 		.4byte	0x27c
 600 0272 10       		.uleb128 0x10
 601 0273 01       		.uleb128 0x1
 602 0274 50       		.byte	0x50
 603 0275 05       		.uleb128 0x5
 604 0276 03       		.byte	0x3
 605 0277 00000000 		.4byte	.LC2
 606 027b 00       		.byte	0
 607 027c 0F       		.uleb128 0xf
 608 027d 30000000 		.4byte	.LVL1
 609 0281 DE050000 		.4byte	0x5de
 610 0285 9A020000 		.4byte	0x29a
 611 0289 10       		.uleb128 0x10
 612 028a 01       		.uleb128 0x1
 613 028b 50       		.byte	0x50
 614 028c 01       		.uleb128 0x1
 615 028d 33       		.byte	0x33
 616 028e 10       		.uleb128 0x10
 617 028f 01       		.uleb128 0x1
 618 0290 51       		.byte	0x51
 619 0291 02       		.uleb128 0x2
 620 0292 91       		.byte	0x91
 621 0293 74       		.sleb128 -12
 622 0294 10       		.uleb128 0x10
 623 0295 01       		.uleb128 0x1
 624 0296 52       		.byte	0x52
 625 0297 01       		.uleb128 0x1
 626 0298 30       		.byte	0x30
 627 0299 00       		.byte	0
 628 029a 0F       		.uleb128 0xf
 629 029b 3A000000 		.4byte	.LVL3
 630 029f D3050000 		.4byte	0x5d3
 631 02a3 B1020000 		.4byte	0x2b1
 632 02a7 10       		.uleb128 0x10
 633 02a8 01       		.uleb128 0x1
 634 02a9 50       		.byte	0x50
 635 02aa 05       		.uleb128 0x5
 636 02ab 03       		.byte	0x3
 637 02ac 0C000000 		.4byte	.LC3
 638 02b0 00       		.byte	0
 639 02b1 0F       		.uleb128 0xf
 640 02b2 42000000 		.4byte	.LVL6
 641 02b6 D3050000 		.4byte	0x5d3
 642 02ba C8020000 		.4byte	0x2c8
 643 02be 10       		.uleb128 0x10
 644 02bf 01       		.uleb128 0x1
 645 02c0 50       		.byte	0x50
 646 02c1 05       		.uleb128 0x5
 647 02c2 03       		.byte	0x3
ARM GAS  C:\Users\dhous\AppData\Local\Temp\ccdKloqd.s 			page 14


 648 02c3 14000000 		.4byte	.LC4
 649 02c7 00       		.byte	0
 650 02c8 11       		.uleb128 0x11
 651 02c9 46000000 		.4byte	.LVL7
 652 02cd E9050000 		.4byte	0x5e9
 653 02d1 0F       		.uleb128 0xf
 654 02d2 4E000000 		.4byte	.LVL8
 655 02d6 F4050000 		.4byte	0x5f4
 656 02da E6020000 		.4byte	0x2e6
 657 02de 10       		.uleb128 0x10
 658 02df 01       		.uleb128 0x1
 659 02e0 50       		.byte	0x50
 660 02e1 03       		.uleb128 0x3
 661 02e2 0A       		.byte	0xa
 662 02e3 E803     		.2byte	0x3e8
 663 02e5 00       		.byte	0
 664 02e6 0F       		.uleb128 0xf
 665 02e7 58000000 		.4byte	.LVL9
 666 02eb DE050000 		.4byte	0x5de
 667 02ef 04030000 		.4byte	0x304
 668 02f3 10       		.uleb128 0x10
 669 02f4 01       		.uleb128 0x1
 670 02f5 50       		.byte	0x50
 671 02f6 01       		.uleb128 0x1
 672 02f7 33       		.byte	0x33
 673 02f8 10       		.uleb128 0x10
 674 02f9 01       		.uleb128 0x1
 675 02fa 51       		.byte	0x51
 676 02fb 02       		.uleb128 0x2
 677 02fc 7D       		.byte	0x7d
 678 02fd 00       		.sleb128 0
 679 02fe 10       		.uleb128 0x10
 680 02ff 01       		.uleb128 0x1
 681 0300 52       		.byte	0x52
 682 0301 01       		.uleb128 0x1
 683 0302 30       		.byte	0x30
 684 0303 00       		.byte	0
 685 0304 0F       		.uleb128 0xf
 686 0305 62000000 		.4byte	.LVL11
 687 0309 D3050000 		.4byte	0x5d3
 688 030d 1B030000 		.4byte	0x31b
 689 0311 10       		.uleb128 0x10
 690 0312 01       		.uleb128 0x1
 691 0313 50       		.byte	0x50
 692 0314 05       		.uleb128 0x5
 693 0315 03       		.byte	0x3
 694 0316 0C000000 		.4byte	.LC3
 695 031a 00       		.byte	0
 696 031b 0F       		.uleb128 0xf
 697 031c 6A000000 		.4byte	.LVL14
 698 0320 D3050000 		.4byte	0x5d3
 699 0324 32030000 		.4byte	0x332
 700 0328 10       		.uleb128 0x10
 701 0329 01       		.uleb128 0x1
 702 032a 50       		.byte	0x50
 703 032b 05       		.uleb128 0x5
 704 032c 03       		.byte	0x3
ARM GAS  C:\Users\dhous\AppData\Local\Temp\ccdKloqd.s 			page 15


 705 032d 14000000 		.4byte	.LC4
 706 0331 00       		.byte	0
 707 0332 11       		.uleb128 0x11
 708 0333 6E000000 		.4byte	.LVL15
 709 0337 E9050000 		.4byte	0x5e9
 710 033b 12       		.uleb128 0x12
 711 033c 76000000 		.4byte	.LVL16
 712 0340 F4050000 		.4byte	0x5f4
 713 0344 10       		.uleb128 0x10
 714 0345 01       		.uleb128 0x1
 715 0346 50       		.byte	0x50
 716 0347 03       		.uleb128 0x3
 717 0348 0A       		.byte	0xa
 718 0349 E803     		.2byte	0x3e8
 719 034b 00       		.byte	0
 720 034c 00       		.byte	0
 721 034d 13       		.uleb128 0x13
 722 034e 97000000 		.4byte	0x97
 723 0352 5D030000 		.4byte	0x35d
 724 0356 14       		.uleb128 0x14
 725 0357 DF000000 		.4byte	0xdf
 726 035b 02       		.byte	0x2
 727 035c 00       		.byte	0
 728 035d 15       		.uleb128 0x15
 729 035e 8E000000 		.4byte	.LASF81
 730 0362 01       		.byte	0x1
 731 0363 3C       		.byte	0x3c
 732 0364 89000000 		.4byte	0x89
 733 0368 00000000 		.4byte	.LFB66
 734 036c 4C000000 		.4byte	.LFE66-.LFB66
 735 0370 01       		.uleb128 0x1
 736 0371 9C       		.byte	0x9c
 737 0372 19040000 		.4byte	0x419
 738 0376 0F       		.uleb128 0xf
 739 0377 0C000000 		.4byte	.LVL17
 740 037b FF050000 		.4byte	0x5ff
 741 037f 8E030000 		.4byte	0x38e
 742 0383 10       		.uleb128 0x10
 743 0384 01       		.uleb128 0x1
 744 0385 50       		.byte	0x50
 745 0386 01       		.uleb128 0x1
 746 0387 30       		.byte	0x30
 747 0388 10       		.uleb128 0x10
 748 0389 01       		.uleb128 0x1
 749 038a 51       		.byte	0x51
 750 038b 01       		.uleb128 0x1
 751 038c 31       		.byte	0x31
 752 038d 00       		.byte	0
 753 038e 11       		.uleb128 0x11
 754 038f 10000000 		.4byte	.LVL18
 755 0393 0B060000 		.4byte	0x60b
 756 0397 11       		.uleb128 0x11
 757 0398 14000000 		.4byte	.LVL19
 758 039c 16060000 		.4byte	0x616
 759 03a0 11       		.uleb128 0x11
 760 03a1 18000000 		.4byte	.LVL20
 761 03a5 22060000 		.4byte	0x622
ARM GAS  C:\Users\dhous\AppData\Local\Temp\ccdKloqd.s 			page 16


 762 03a9 0F       		.uleb128 0xf
 763 03aa 20000000 		.4byte	.LVL21
 764 03ae 2D060000 		.4byte	0x62d
 765 03b2 C5030000 		.4byte	0x3c5
 766 03b6 10       		.uleb128 0x10
 767 03b7 01       		.uleb128 0x1
 768 03b8 50       		.byte	0x50
 769 03b9 01       		.uleb128 0x1
 770 03ba 30       		.byte	0x30
 771 03bb 10       		.uleb128 0x10
 772 03bc 01       		.uleb128 0x1
 773 03bd 51       		.byte	0x51
 774 03be 05       		.uleb128 0x5
 775 03bf 03       		.byte	0x3
 776 03c0 00000000 		.4byte	systick_handler
 777 03c4 00       		.byte	0
 778 03c5 11       		.uleb128 0x11
 779 03c6 24000000 		.4byte	.LVL22
 780 03ca 38060000 		.4byte	0x638
 781 03ce 11       		.uleb128 0x11
 782 03cf 28000000 		.4byte	.LVL23
 783 03d3 43060000 		.4byte	0x643
 784 03d7 0F       		.uleb128 0xf
 785 03d8 2E000000 		.4byte	.LVL24
 786 03dc D3050000 		.4byte	0x5d3
 787 03e0 EE030000 		.4byte	0x3ee
 788 03e4 10       		.uleb128 0x10
 789 03e5 01       		.uleb128 0x1
 790 03e6 50       		.byte	0x50
 791 03e7 05       		.uleb128 0x5
 792 03e8 03       		.byte	0x3
 793 03e9 20000000 		.4byte	.LC5
 794 03ed 00       		.byte	0
 795 03ee 11       		.uleb128 0x11
 796 03ef 32000000 		.4byte	.LVL25
 797 03f3 4E060000 		.4byte	0x64e
 798 03f7 11       		.uleb128 0x11
 799 03f8 36000000 		.4byte	.LVL26
 800 03fc 59060000 		.4byte	0x659
 801 0400 11       		.uleb128 0x11
 802 0401 3A000000 		.4byte	.LVL27
 803 0405 64060000 		.4byte	0x664
 804 0409 12       		.uleb128 0x12
 805 040a 40000000 		.4byte	.LVL28
 806 040e F4050000 		.4byte	0x5f4
 807 0412 10       		.uleb128 0x10
 808 0413 01       		.uleb128 0x1
 809 0414 50       		.byte	0x50
 810 0415 01       		.uleb128 0x1
 811 0416 3A       		.byte	0x3a
 812 0417 00       		.byte	0
 813 0418 00       		.byte	0
 814 0419 16       		.uleb128 0x16
 815 041a 45040000 		.4byte	.LASF41
 816 041e 06       		.byte	0x6
 817 041f 1207     		.2byte	0x712
 818 0421 25040000 		.4byte	0x425
ARM GAS  C:\Users\dhous\AppData\Local\Temp\ccdKloqd.s 			page 17


 819 0425 05       		.uleb128 0x5
 820 0426 AD000000 		.4byte	0xad
 821 042a 17       		.uleb128 0x17
 822 042b 19040000 		.4byte	.LASF42
 823 042f 01       		.byte	0x1
 824 0430 10       		.byte	0x10
 825 0431 E6000000 		.4byte	0xe6
 826 0435 05       		.uleb128 0x5
 827 0436 03       		.byte	0x3
 828 0437 00000000 		.4byte	i2c_ms_counter
 829 043b 17       		.uleb128 0x17
 830 043c CE000000 		.4byte	.LASF43
 831 0440 04       		.byte	0x4
 832 0441 26       		.byte	0x26
 833 0442 AC010000 		.4byte	0x1ac
 834 0446 05       		.uleb128 0x5
 835 0447 03       		.byte	0x3
 836 0448 00000000 		.4byte	I2C_status
 837 044c 18       		.uleb128 0x18
 838 044d 636E7400 		.ascii	"cnt\000"
 839 0451 05       		.byte	0x5
 840 0452 19       		.byte	0x19
 841 0453 97000000 		.4byte	0x97
 842 0457 05       		.uleb128 0x5
 843 0458 03       		.byte	0x3
 844 0459 00000000 		.4byte	cnt
 845 045d 13       		.uleb128 0x13
 846 045e 97000000 		.4byte	0x97
 847 0462 6D040000 		.4byte	0x46d
 848 0466 14       		.uleb128 0x14
 849 0467 DF000000 		.4byte	0xdf
 850 046b 00       		.byte	0
 851 046c 00       		.byte	0
 852 046d 17       		.uleb128 0x17
 853 046e 53030000 		.4byte	.LASF44
 854 0472 05       		.byte	0x5
 855 0473 1A       		.byte	0x1a
 856 0474 5D040000 		.4byte	0x45d
 857 0478 05       		.uleb128 0x5
 858 0479 03       		.byte	0x3
 859 047a 00000000 		.4byte	wiichuck_status_request_array
 860 047e 13       		.uleb128 0x13
 861 047f 97000000 		.4byte	0x97
 862 0483 8E040000 		.4byte	0x48e
 863 0487 14       		.uleb128 0x14
 864 0488 DF000000 		.4byte	0xdf
 865 048c 05       		.byte	0x5
 866 048d 00       		.byte	0
 867 048e 17       		.uleb128 0x17
 868 048f 28040000 		.4byte	.LASF45
 869 0493 05       		.byte	0x5
 870 0494 1B       		.byte	0x1b
 871 0495 7E040000 		.4byte	0x47e
 872 0499 05       		.uleb128 0x5
 873 049a 03       		.byte	0x3
 874 049b 00000000 		.4byte	wiichuck_status_result_array
 875 049f 17       		.uleb128 0x17
ARM GAS  C:\Users\dhous\AppData\Local\Temp\ccdKloqd.s 			page 18


 876 04a0 AC010000 		.4byte	.LASF46
 877 04a4 05       		.byte	0x5
 878 04a5 1C       		.byte	0x1c
 879 04a6 97000000 		.4byte	0x97
 880 04aa 05       		.uleb128 0x5
 881 04ab 03       		.byte	0x3
 882 04ac 00000000 		.4byte	averageCounter
 883 04b0 18       		.uleb128 0x18
 884 04b1 6900     		.ascii	"i\000"
 885 04b3 05       		.byte	0x5
 886 04b4 1D       		.byte	0x1d
 887 04b5 89000000 		.4byte	0x89
 888 04b9 05       		.uleb128 0x5
 889 04ba 03       		.byte	0x3
 890 04bb 00000000 		.4byte	i
 891 04bf 17       		.uleb128 0x17
 892 04c0 0B040000 		.4byte	.LASF47
 893 04c4 05       		.byte	0x5
 894 04c5 1E       		.byte	0x1e
 895 04c6 89000000 		.4byte	0x89
 896 04ca 05       		.uleb128 0x5
 897 04cb 03       		.byte	0x3
 898 04cc 00000000 		.4byte	total
 899 04d0 17       		.uleb128 0x17
 900 04d1 3F020000 		.4byte	.LASF48
 901 04d5 05       		.byte	0x5
 902 04d6 1F       		.byte	0x1f
 903 04d7 97000000 		.4byte	0x97
 904 04db 05       		.uleb128 0x5
 905 04dc 03       		.byte	0x3
 906 04dd 00000000 		.4byte	zeroJoyX
 907 04e1 17       		.uleb128 0x17
 908 04e2 48020000 		.4byte	.LASF49
 909 04e6 05       		.byte	0x5
 910 04e7 20       		.byte	0x20
 911 04e8 97000000 		.4byte	0x97
 912 04ec 05       		.uleb128 0x5
 913 04ed 03       		.byte	0x3
 914 04ee 00000000 		.4byte	zeroJoyY
 915 04f2 17       		.uleb128 0x17
 916 04f3 9E000000 		.4byte	.LASF50
 917 04f7 05       		.byte	0x5
 918 04f8 21       		.byte	0x21
 919 04f9 89000000 		.4byte	0x89
 920 04fd 05       		.uleb128 0x5
 921 04fe 03       		.byte	0x3
 922 04ff 00000000 		.4byte	lastJoyX
 923 0503 17       		.uleb128 0x17
 924 0504 32000000 		.4byte	.LASF51
 925 0508 05       		.byte	0x5
 926 0509 22       		.byte	0x22
 927 050a 89000000 		.4byte	0x89
 928 050e 05       		.uleb128 0x5
 929 050f 03       		.byte	0x3
 930 0510 00000000 		.4byte	lastJoyY
 931 0514 13       		.uleb128 0x13
 932 0515 89000000 		.4byte	0x89
ARM GAS  C:\Users\dhous\AppData\Local\Temp\ccdKloqd.s 			page 19


 933 0519 24050000 		.4byte	0x524
 934 051d 14       		.uleb128 0x14
 935 051e DF000000 		.4byte	0xdf
 936 0522 02       		.byte	0x2
 937 0523 00       		.byte	0
 938 0524 17       		.uleb128 0x17
 939 0525 B8000000 		.4byte	.LASF52
 940 0529 05       		.byte	0x5
 941 052a 23       		.byte	0x23
 942 052b 14050000 		.4byte	0x514
 943 052f 05       		.uleb128 0x5
 944 0530 03       		.byte	0x3
 945 0531 00000000 		.4byte	angles
 946 0535 17       		.uleb128 0x17
 947 0536 71030000 		.4byte	.LASF53
 948 053a 05       		.byte	0x5
 949 053b 2B       		.byte	0x2b
 950 053c 0B020000 		.4byte	0x20b
 951 0540 05       		.uleb128 0x5
 952 0541 03       		.byte	0x3
 953 0542 00000000 		.4byte	wiichuck_state
 954 0546 17       		.uleb128 0x17
 955 0547 4B000000 		.4byte	.LASF54
 956 054b 05       		.byte	0x5
 957 054c 2D       		.byte	0x2d
 958 054d 97000000 		.4byte	0x97
 959 0551 05       		.uleb128 0x5
 960 0552 03       		.byte	0x3
 961 0553 00000000 		.4byte	lastZ
 962 0557 17       		.uleb128 0x17
 963 0558 B2000000 		.4byte	.LASF55
 964 055c 05       		.byte	0x5
 965 055d 2D       		.byte	0x2d
 966 055e 97000000 		.4byte	0x97
 967 0562 05       		.uleb128 0x5
 968 0563 03       		.byte	0x3
 969 0564 00000000 		.4byte	lastC
 970 0568 17       		.uleb128 0x17
 971 0569 E8040000 		.4byte	.LASF56
 972 056d 05       		.byte	0x5
 973 056e 30       		.byte	0x30
 974 056f 97000000 		.4byte	0x97
 975 0573 05       		.uleb128 0x5
 976 0574 03       		.byte	0x3
 977 0575 00000000 		.4byte	joyX
 978 0579 17       		.uleb128 0x17
 979 057a ED040000 		.4byte	.LASF57
 980 057e 05       		.byte	0x5
 981 057f 31       		.byte	0x31
 982 0580 97000000 		.4byte	0x97
 983 0584 05       		.uleb128 0x5
 984 0585 03       		.byte	0x3
 985 0586 00000000 		.4byte	joyY
 986 058a 17       		.uleb128 0x17
 987 058b 00000000 		.4byte	.LASF58
 988 058f 05       		.byte	0x5
 989 0590 32       		.byte	0x32
ARM GAS  C:\Users\dhous\AppData\Local\Temp\ccdKloqd.s 			page 20


 990 0591 97000000 		.4byte	0x97
 991 0595 05       		.uleb128 0x5
 992 0596 03       		.byte	0x3
 993 0597 00000000 		.4byte	buttonZ
 994 059b 17       		.uleb128 0x17
 995 059c 11040000 		.4byte	.LASF59
 996 05a0 05       		.byte	0x5
 997 05a1 33       		.byte	0x33
 998 05a2 97000000 		.4byte	0x97
 999 05a6 05       		.uleb128 0x5
 1000 05a7 03       		.byte	0x3
 1001 05a8 00000000 		.4byte	buttonC
 1002 05ac 13       		.uleb128 0x13
 1003 05ad 97000000 		.4byte	0x97
 1004 05b1 C2050000 		.4byte	0x5c2
 1005 05b5 14       		.uleb128 0x14
 1006 05b6 DF000000 		.4byte	0xdf
 1007 05ba 01       		.byte	0x1
 1008 05bb 14       		.uleb128 0x14
 1009 05bc DF000000 		.4byte	0xdf
 1010 05c0 01       		.byte	0x1
 1011 05c1 00       		.byte	0
 1012 05c2 17       		.uleb128 0x17
 1013 05c3 88010000 		.4byte	.LASF60
 1014 05c7 05       		.byte	0x5
 1015 05c8 35       		.byte	0x35
 1016 05c9 AC050000 		.4byte	0x5ac
 1017 05cd 05       		.uleb128 0x5
 1018 05ce 03       		.byte	0x3
 1019 05cf 00000000 		.4byte	initialization_buffer
 1020 05d3 19       		.uleb128 0x19
 1021 05d4 BF000000 		.4byte	.LASF61
 1022 05d8 BF000000 		.4byte	.LASF61
 1023 05dc 07       		.byte	0x7
 1024 05dd 26       		.byte	0x26
 1025 05de 19       		.uleb128 0x19
 1026 05df E1000000 		.4byte	.LASF62
 1027 05e3 E1000000 		.4byte	.LASF62
 1028 05e7 08       		.byte	0x8
 1029 05e8 5B       		.byte	0x5b
 1030 05e9 19       		.uleb128 0x19
 1031 05ea B5020000 		.4byte	.LASF63
 1032 05ee B5020000 		.4byte	.LASF63
 1033 05f2 08       		.byte	0x8
 1034 05f3 5A       		.byte	0x5a
 1035 05f4 19       		.uleb128 0x19
 1036 05f5 E0040000 		.4byte	.LASF64
 1037 05f9 E0040000 		.4byte	.LASF64
 1038 05fd 09       		.byte	0x9
 1039 05fe 76       		.byte	0x76
 1040 05ff 1A       		.uleb128 0x1a
 1041 0600 08000000 		.4byte	.LASF65
 1042 0604 08000000 		.4byte	.LASF65
 1043 0608 0A       		.byte	0xa
 1044 0609 2A01     		.2byte	0x12a
 1045 060b 19       		.uleb128 0x19
 1046 060c EC020000 		.4byte	.LASF66
ARM GAS  C:\Users\dhous\AppData\Local\Temp\ccdKloqd.s 			page 21


 1047 0610 EC020000 		.4byte	.LASF66
 1048 0614 07       		.byte	0x7
 1049 0615 1F       		.byte	0x1f
 1050 0616 1A       		.uleb128 0x1a
 1051 0617 F5010000 		.4byte	.LASF67
 1052 061b F5010000 		.4byte	.LASF67
 1053 061f 0A       		.byte	0xa
 1054 0620 2B01     		.2byte	0x12b
 1055 0622 19       		.uleb128 0x19
 1056 0623 F2040000 		.4byte	.LASF68
 1057 0627 F2040000 		.4byte	.LASF68
 1058 062b 0B       		.byte	0xb
 1059 062c 93       		.byte	0x93
 1060 062d 19       		.uleb128 0x19
 1061 062e D0010000 		.4byte	.LASF69
 1062 0632 D0010000 		.4byte	.LASF69
 1063 0636 09       		.byte	0x9
 1064 0637 B7       		.byte	0xb7
 1065 0638 19       		.uleb128 0x19
 1066 0639 FC030000 		.4byte	.LASF70
 1067 063d FC030000 		.4byte	.LASF70
 1068 0641 09       		.byte	0x9
 1069 0642 AE       		.byte	0xae
 1070 0643 19       		.uleb128 0x19
 1071 0644 3B000000 		.4byte	.LASF71
 1072 0648 3B000000 		.4byte	.LASF71
 1073 064c 09       		.byte	0x9
 1074 064d B0       		.byte	0xb0
 1075 064e 19       		.uleb128 0x19
 1076 064f 2B010000 		.4byte	.LASF72
 1077 0653 2B010000 		.4byte	.LASF72
 1078 0657 05       		.byte	0x5
 1079 0658 37       		.byte	0x37
 1080 0659 19       		.uleb128 0x19
 1081 065a CD020000 		.4byte	.LASF73
 1082 065e CD020000 		.4byte	.LASF73
 1083 0662 05       		.byte	0x5
 1084 0663 3A       		.byte	0x3a
 1085 0664 19       		.uleb128 0x19
 1086 0665 0A010000 		.4byte	.LASF74
 1087 0669 0A010000 		.4byte	.LASF74
 1088 066d 05       		.byte	0x5
 1089 066e 3B       		.byte	0x3b
 1090 066f 00       		.byte	0
 1091              		.section	.debug_abbrev,"",%progbits
 1092              	.Ldebug_abbrev0:
 1093 0000 01       		.uleb128 0x1
 1094 0001 11       		.uleb128 0x11
 1095 0002 01       		.byte	0x1
 1096 0003 25       		.uleb128 0x25
 1097 0004 0E       		.uleb128 0xe
 1098 0005 13       		.uleb128 0x13
 1099 0006 0B       		.uleb128 0xb
 1100 0007 03       		.uleb128 0x3
 1101 0008 0E       		.uleb128 0xe
 1102 0009 1B       		.uleb128 0x1b
 1103 000a 0E       		.uleb128 0xe
ARM GAS  C:\Users\dhous\AppData\Local\Temp\ccdKloqd.s 			page 22


 1104 000b 55       		.uleb128 0x55
 1105 000c 17       		.uleb128 0x17
 1106 000d 11       		.uleb128 0x11
 1107 000e 01       		.uleb128 0x1
 1108 000f 10       		.uleb128 0x10
 1109 0010 17       		.uleb128 0x17
 1110 0011 00       		.byte	0
 1111 0012 00       		.byte	0
 1112 0013 02       		.uleb128 0x2
 1113 0014 24       		.uleb128 0x24
 1114 0015 00       		.byte	0
 1115 0016 0B       		.uleb128 0xb
 1116 0017 0B       		.uleb128 0xb
 1117 0018 3E       		.uleb128 0x3e
 1118 0019 0B       		.uleb128 0xb
 1119 001a 03       		.uleb128 0x3
 1120 001b 0E       		.uleb128 0xe
 1121 001c 00       		.byte	0
 1122 001d 00       		.byte	0
 1123 001e 03       		.uleb128 0x3
 1124 001f 16       		.uleb128 0x16
 1125 0020 00       		.byte	0
 1126 0021 03       		.uleb128 0x3
 1127 0022 0E       		.uleb128 0xe
 1128 0023 3A       		.uleb128 0x3a
 1129 0024 0B       		.uleb128 0xb
 1130 0025 3B       		.uleb128 0x3b
 1131 0026 0B       		.uleb128 0xb
 1132 0027 49       		.uleb128 0x49
 1133 0028 13       		.uleb128 0x13
 1134 0029 00       		.byte	0
 1135 002a 00       		.byte	0
 1136 002b 04       		.uleb128 0x4
 1137 002c 24       		.uleb128 0x24
 1138 002d 00       		.byte	0
 1139 002e 0B       		.uleb128 0xb
 1140 002f 0B       		.uleb128 0xb
 1141 0030 3E       		.uleb128 0x3e
 1142 0031 0B       		.uleb128 0xb
 1143 0032 03       		.uleb128 0x3
 1144 0033 08       		.uleb128 0x8
 1145 0034 00       		.byte	0
 1146 0035 00       		.byte	0
 1147 0036 05       		.uleb128 0x5
 1148 0037 35       		.uleb128 0x35
 1149 0038 00       		.byte	0
 1150 0039 49       		.uleb128 0x49
 1151 003a 13       		.uleb128 0x13
 1152 003b 00       		.byte	0
 1153 003c 00       		.byte	0
 1154 003d 06       		.uleb128 0x6
 1155 003e 04       		.uleb128 0x4
 1156 003f 01       		.byte	0x1
 1157 0040 03       		.uleb128 0x3
 1158 0041 0E       		.uleb128 0xe
 1159 0042 0B       		.uleb128 0xb
 1160 0043 0B       		.uleb128 0xb
ARM GAS  C:\Users\dhous\AppData\Local\Temp\ccdKloqd.s 			page 23


 1161 0044 49       		.uleb128 0x49
 1162 0045 13       		.uleb128 0x13
 1163 0046 3A       		.uleb128 0x3a
 1164 0047 0B       		.uleb128 0xb
 1165 0048 3B       		.uleb128 0x3b
 1166 0049 0B       		.uleb128 0xb
 1167 004a 01       		.uleb128 0x1
 1168 004b 13       		.uleb128 0x13
 1169 004c 00       		.byte	0
 1170 004d 00       		.byte	0
 1171 004e 07       		.uleb128 0x7
 1172 004f 28       		.uleb128 0x28
 1173 0050 00       		.byte	0
 1174 0051 03       		.uleb128 0x3
 1175 0052 0E       		.uleb128 0xe
 1176 0053 1C       		.uleb128 0x1c
 1177 0054 0B       		.uleb128 0xb
 1178 0055 00       		.byte	0
 1179 0056 00       		.byte	0
 1180 0057 08       		.uleb128 0x8
 1181 0058 13       		.uleb128 0x13
 1182 0059 01       		.byte	0x1
 1183 005a 0B       		.uleb128 0xb
 1184 005b 0B       		.uleb128 0xb
 1185 005c 3A       		.uleb128 0x3a
 1186 005d 0B       		.uleb128 0xb
 1187 005e 3B       		.uleb128 0x3b
 1188 005f 0B       		.uleb128 0xb
 1189 0060 01       		.uleb128 0x1
 1190 0061 13       		.uleb128 0x13
 1191 0062 00       		.byte	0
 1192 0063 00       		.byte	0
 1193 0064 09       		.uleb128 0x9
 1194 0065 0D       		.uleb128 0xd
 1195 0066 00       		.byte	0
 1196 0067 03       		.uleb128 0x3
 1197 0068 0E       		.uleb128 0xe
 1198 0069 3A       		.uleb128 0x3a
 1199 006a 0B       		.uleb128 0xb
 1200 006b 3B       		.uleb128 0x3b
 1201 006c 0B       		.uleb128 0xb
 1202 006d 49       		.uleb128 0x49
 1203 006e 13       		.uleb128 0x13
 1204 006f 38       		.uleb128 0x38
 1205 0070 0B       		.uleb128 0xb
 1206 0071 00       		.byte	0
 1207 0072 00       		.byte	0
 1208 0073 0A       		.uleb128 0xa
 1209 0074 0D       		.uleb128 0xd
 1210 0075 00       		.byte	0
 1211 0076 03       		.uleb128 0x3
 1212 0077 08       		.uleb128 0x8
 1213 0078 3A       		.uleb128 0x3a
 1214 0079 0B       		.uleb128 0xb
 1215 007a 3B       		.uleb128 0x3b
 1216 007b 0B       		.uleb128 0xb
 1217 007c 49       		.uleb128 0x49
ARM GAS  C:\Users\dhous\AppData\Local\Temp\ccdKloqd.s 			page 24


 1218 007d 13       		.uleb128 0x13
 1219 007e 38       		.uleb128 0x38
 1220 007f 0B       		.uleb128 0xb
 1221 0080 00       		.byte	0
 1222 0081 00       		.byte	0
 1223 0082 0B       		.uleb128 0xb
 1224 0083 2E       		.uleb128 0x2e
 1225 0084 00       		.byte	0
 1226 0085 3F       		.uleb128 0x3f
 1227 0086 19       		.uleb128 0x19
 1228 0087 03       		.uleb128 0x3
 1229 0088 0E       		.uleb128 0xe
 1230 0089 3A       		.uleb128 0x3a
 1231 008a 0B       		.uleb128 0xb
 1232 008b 3B       		.uleb128 0x3b
 1233 008c 0B       		.uleb128 0xb
 1234 008d 11       		.uleb128 0x11
 1235 008e 01       		.uleb128 0x1
 1236 008f 12       		.uleb128 0x12
 1237 0090 06       		.uleb128 0x6
 1238 0091 40       		.uleb128 0x40
 1239 0092 18       		.uleb128 0x18
 1240 0093 9742     		.uleb128 0x2117
 1241 0095 19       		.uleb128 0x19
 1242 0096 00       		.byte	0
 1243 0097 00       		.byte	0
 1244 0098 0C       		.uleb128 0xc
 1245 0099 2E       		.uleb128 0x2e
 1246 009a 01       		.byte	0x1
 1247 009b 3F       		.uleb128 0x3f
 1248 009c 19       		.uleb128 0x19
 1249 009d 03       		.uleb128 0x3
 1250 009e 0E       		.uleb128 0xe
 1251 009f 3A       		.uleb128 0x3a
 1252 00a0 0B       		.uleb128 0xb
 1253 00a1 3B       		.uleb128 0x3b
 1254 00a2 0B       		.uleb128 0xb
 1255 00a3 11       		.uleb128 0x11
 1256 00a4 01       		.uleb128 0x1
 1257 00a5 12       		.uleb128 0x12
 1258 00a6 06       		.uleb128 0x6
 1259 00a7 40       		.uleb128 0x40
 1260 00a8 18       		.uleb128 0x18
 1261 00a9 9742     		.uleb128 0x2117
 1262 00ab 19       		.uleb128 0x19
 1263 00ac 01       		.uleb128 0x1
 1264 00ad 13       		.uleb128 0x13
 1265 00ae 00       		.byte	0
 1266 00af 00       		.byte	0
 1267 00b0 0D       		.uleb128 0xd
 1268 00b1 34       		.uleb128 0x34
 1269 00b2 00       		.byte	0
 1270 00b3 03       		.uleb128 0x3
 1271 00b4 0E       		.uleb128 0xe
 1272 00b5 3A       		.uleb128 0x3a
 1273 00b6 0B       		.uleb128 0xb
 1274 00b7 3B       		.uleb128 0x3b
ARM GAS  C:\Users\dhous\AppData\Local\Temp\ccdKloqd.s 			page 25


 1275 00b8 0B       		.uleb128 0xb
 1276 00b9 49       		.uleb128 0x49
 1277 00ba 13       		.uleb128 0x13
 1278 00bb 02       		.uleb128 0x2
 1279 00bc 18       		.uleb128 0x18
 1280 00bd 00       		.byte	0
 1281 00be 00       		.byte	0
 1282 00bf 0E       		.uleb128 0xe
 1283 00c0 34       		.uleb128 0x34
 1284 00c1 00       		.byte	0
 1285 00c2 03       		.uleb128 0x3
 1286 00c3 08       		.uleb128 0x8
 1287 00c4 3A       		.uleb128 0x3a
 1288 00c5 0B       		.uleb128 0xb
 1289 00c6 3B       		.uleb128 0x3b
 1290 00c7 0B       		.uleb128 0xb
 1291 00c8 49       		.uleb128 0x49
 1292 00c9 13       		.uleb128 0x13
 1293 00ca 02       		.uleb128 0x2
 1294 00cb 17       		.uleb128 0x17
 1295 00cc 00       		.byte	0
 1296 00cd 00       		.byte	0
 1297 00ce 0F       		.uleb128 0xf
 1298 00cf 898201   		.uleb128 0x4109
 1299 00d2 01       		.byte	0x1
 1300 00d3 11       		.uleb128 0x11
 1301 00d4 01       		.uleb128 0x1
 1302 00d5 31       		.uleb128 0x31
 1303 00d6 13       		.uleb128 0x13
 1304 00d7 01       		.uleb128 0x1
 1305 00d8 13       		.uleb128 0x13
 1306 00d9 00       		.byte	0
 1307 00da 00       		.byte	0
 1308 00db 10       		.uleb128 0x10
 1309 00dc 8A8201   		.uleb128 0x410a
 1310 00df 00       		.byte	0
 1311 00e0 02       		.uleb128 0x2
 1312 00e1 18       		.uleb128 0x18
 1313 00e2 9142     		.uleb128 0x2111
 1314 00e4 18       		.uleb128 0x18
 1315 00e5 00       		.byte	0
 1316 00e6 00       		.byte	0
 1317 00e7 11       		.uleb128 0x11
 1318 00e8 898201   		.uleb128 0x4109
 1319 00eb 00       		.byte	0
 1320 00ec 11       		.uleb128 0x11
 1321 00ed 01       		.uleb128 0x1
 1322 00ee 31       		.uleb128 0x31
 1323 00ef 13       		.uleb128 0x13
 1324 00f0 00       		.byte	0
 1325 00f1 00       		.byte	0
 1326 00f2 12       		.uleb128 0x12
 1327 00f3 898201   		.uleb128 0x4109
 1328 00f6 01       		.byte	0x1
 1329 00f7 11       		.uleb128 0x11
 1330 00f8 01       		.uleb128 0x1
 1331 00f9 31       		.uleb128 0x31
ARM GAS  C:\Users\dhous\AppData\Local\Temp\ccdKloqd.s 			page 26


 1332 00fa 13       		.uleb128 0x13
 1333 00fb 00       		.byte	0
 1334 00fc 00       		.byte	0
 1335 00fd 13       		.uleb128 0x13
 1336 00fe 01       		.uleb128 0x1
 1337 00ff 01       		.byte	0x1
 1338 0100 49       		.uleb128 0x49
 1339 0101 13       		.uleb128 0x13
 1340 0102 01       		.uleb128 0x1
 1341 0103 13       		.uleb128 0x13
 1342 0104 00       		.byte	0
 1343 0105 00       		.byte	0
 1344 0106 14       		.uleb128 0x14
 1345 0107 21       		.uleb128 0x21
 1346 0108 00       		.byte	0
 1347 0109 49       		.uleb128 0x49
 1348 010a 13       		.uleb128 0x13
 1349 010b 2F       		.uleb128 0x2f
 1350 010c 0B       		.uleb128 0xb
 1351 010d 00       		.byte	0
 1352 010e 00       		.byte	0
 1353 010f 15       		.uleb128 0x15
 1354 0110 2E       		.uleb128 0x2e
 1355 0111 01       		.byte	0x1
 1356 0112 3F       		.uleb128 0x3f
 1357 0113 19       		.uleb128 0x19
 1358 0114 03       		.uleb128 0x3
 1359 0115 0E       		.uleb128 0xe
 1360 0116 3A       		.uleb128 0x3a
 1361 0117 0B       		.uleb128 0xb
 1362 0118 3B       		.uleb128 0x3b
 1363 0119 0B       		.uleb128 0xb
 1364 011a 27       		.uleb128 0x27
 1365 011b 19       		.uleb128 0x19
 1366 011c 49       		.uleb128 0x49
 1367 011d 13       		.uleb128 0x13
 1368 011e 8701     		.uleb128 0x87
 1369 0120 19       		.uleb128 0x19
 1370 0121 11       		.uleb128 0x11
 1371 0122 01       		.uleb128 0x1
 1372 0123 12       		.uleb128 0x12
 1373 0124 06       		.uleb128 0x6
 1374 0125 40       		.uleb128 0x40
 1375 0126 18       		.uleb128 0x18
 1376 0127 9742     		.uleb128 0x2117
 1377 0129 19       		.uleb128 0x19
 1378 012a 01       		.uleb128 0x1
 1379 012b 13       		.uleb128 0x13
 1380 012c 00       		.byte	0
 1381 012d 00       		.byte	0
 1382 012e 16       		.uleb128 0x16
 1383 012f 34       		.uleb128 0x34
 1384 0130 00       		.byte	0
 1385 0131 03       		.uleb128 0x3
 1386 0132 0E       		.uleb128 0xe
 1387 0133 3A       		.uleb128 0x3a
 1388 0134 0B       		.uleb128 0xb
ARM GAS  C:\Users\dhous\AppData\Local\Temp\ccdKloqd.s 			page 27


 1389 0135 3B       		.uleb128 0x3b
 1390 0136 05       		.uleb128 0x5
 1391 0137 49       		.uleb128 0x49
 1392 0138 13       		.uleb128 0x13
 1393 0139 3F       		.uleb128 0x3f
 1394 013a 19       		.uleb128 0x19
 1395 013b 3C       		.uleb128 0x3c
 1396 013c 19       		.uleb128 0x19
 1397 013d 00       		.byte	0
 1398 013e 00       		.byte	0
 1399 013f 17       		.uleb128 0x17
 1400 0140 34       		.uleb128 0x34
 1401 0141 00       		.byte	0
 1402 0142 03       		.uleb128 0x3
 1403 0143 0E       		.uleb128 0xe
 1404 0144 3A       		.uleb128 0x3a
 1405 0145 0B       		.uleb128 0xb
 1406 0146 3B       		.uleb128 0x3b
 1407 0147 0B       		.uleb128 0xb
 1408 0148 49       		.uleb128 0x49
 1409 0149 13       		.uleb128 0x13
 1410 014a 3F       		.uleb128 0x3f
 1411 014b 19       		.uleb128 0x19
 1412 014c 02       		.uleb128 0x2
 1413 014d 18       		.uleb128 0x18
 1414 014e 00       		.byte	0
 1415 014f 00       		.byte	0
 1416 0150 18       		.uleb128 0x18
 1417 0151 34       		.uleb128 0x34
 1418 0152 00       		.byte	0
 1419 0153 03       		.uleb128 0x3
 1420 0154 08       		.uleb128 0x8
 1421 0155 3A       		.uleb128 0x3a
 1422 0156 0B       		.uleb128 0xb
 1423 0157 3B       		.uleb128 0x3b
 1424 0158 0B       		.uleb128 0xb
 1425 0159 49       		.uleb128 0x49
 1426 015a 13       		.uleb128 0x13
 1427 015b 3F       		.uleb128 0x3f
 1428 015c 19       		.uleb128 0x19
 1429 015d 02       		.uleb128 0x2
 1430 015e 18       		.uleb128 0x18
 1431 015f 00       		.byte	0
 1432 0160 00       		.byte	0
 1433 0161 19       		.uleb128 0x19
 1434 0162 2E       		.uleb128 0x2e
 1435 0163 00       		.byte	0
 1436 0164 3F       		.uleb128 0x3f
 1437 0165 19       		.uleb128 0x19
 1438 0166 3C       		.uleb128 0x3c
 1439 0167 19       		.uleb128 0x19
 1440 0168 6E       		.uleb128 0x6e
 1441 0169 0E       		.uleb128 0xe
 1442 016a 03       		.uleb128 0x3
 1443 016b 0E       		.uleb128 0xe
 1444 016c 3A       		.uleb128 0x3a
 1445 016d 0B       		.uleb128 0xb
ARM GAS  C:\Users\dhous\AppData\Local\Temp\ccdKloqd.s 			page 28


 1446 016e 3B       		.uleb128 0x3b
 1447 016f 0B       		.uleb128 0xb
 1448 0170 00       		.byte	0
 1449 0171 00       		.byte	0
 1450 0172 1A       		.uleb128 0x1a
 1451 0173 2E       		.uleb128 0x2e
 1452 0174 00       		.byte	0
 1453 0175 3F       		.uleb128 0x3f
 1454 0176 19       		.uleb128 0x19
 1455 0177 3C       		.uleb128 0x3c
 1456 0178 19       		.uleb128 0x19
 1457 0179 6E       		.uleb128 0x6e
 1458 017a 0E       		.uleb128 0xe
 1459 017b 03       		.uleb128 0x3
 1460 017c 0E       		.uleb128 0xe
 1461 017d 3A       		.uleb128 0x3a
 1462 017e 0B       		.uleb128 0xb
 1463 017f 3B       		.uleb128 0x3b
 1464 0180 05       		.uleb128 0x5
 1465 0181 00       		.byte	0
 1466 0182 00       		.byte	0
 1467 0183 00       		.byte	0
 1468              		.section	.debug_loc,"",%progbits
 1469              	.Ldebug_loc0:
 1470              	.LLST0:
 1471 0000 30000000 		.4byte	.LVL1
 1472 0004 36000000 		.4byte	.LVL2
 1473 0008 0100     		.2byte	0x1
 1474 000a 50       		.byte	0x50
 1475 000b 3C000000 		.4byte	.LVL4
 1476 000f 3E000000 		.4byte	.LVL5
 1477 0013 0100     		.2byte	0x1
 1478 0015 50       		.byte	0x50
 1479 0016 58000000 		.4byte	.LVL9
 1480 001a 5E000000 		.4byte	.LVL10
 1481 001e 0100     		.2byte	0x1
 1482 0020 50       		.byte	0x50
 1483 0021 64000000 		.4byte	.LVL12
 1484 0025 66000000 		.4byte	.LVL13
 1485 0029 0100     		.2byte	0x1
 1486 002b 50       		.byte	0x50
 1487 002c 00000000 		.4byte	0
 1488 0030 00000000 		.4byte	0
 1489              		.section	.debug_aranges,"",%progbits
 1490 0000 2C000000 		.4byte	0x2c
 1491 0004 0200     		.2byte	0x2
 1492 0006 00000000 		.4byte	.Ldebug_info0
 1493 000a 04       		.byte	0x4
 1494 000b 00       		.byte	0
 1495 000c 0000     		.2byte	0
 1496 000e 0000     		.2byte	0
 1497 0010 00000000 		.4byte	.LFB64
 1498 0014 10000000 		.4byte	.LFE64-.LFB64
 1499 0018 00000000 		.4byte	.LFB65
 1500 001c 8C000000 		.4byte	.LFE65-.LFB65
 1501 0020 00000000 		.4byte	.LFB66
 1502 0024 4C000000 		.4byte	.LFE66-.LFB66
ARM GAS  C:\Users\dhous\AppData\Local\Temp\ccdKloqd.s 			page 29


 1503 0028 00000000 		.4byte	0
 1504 002c 00000000 		.4byte	0
 1505              		.section	.debug_ranges,"",%progbits
 1506              	.Ldebug_ranges0:
 1507 0000 00000000 		.4byte	.LFB64
 1508 0004 10000000 		.4byte	.LFE64
 1509 0008 00000000 		.4byte	.LFB65
 1510 000c 8C000000 		.4byte	.LFE65
 1511 0010 00000000 		.4byte	.LFB66
 1512 0014 4C000000 		.4byte	.LFE66
 1513 0018 00000000 		.4byte	0
 1514 001c 00000000 		.4byte	0
 1515              		.section	.debug_line,"",%progbits
 1516              	.Ldebug_line0:
 1517 0000 EB010000 		.section	.debug_str,"MS",%progbits,1
 1517      02008E01 
 1517      00000201 
 1517      FB0E0D00 
 1517      01010101 
 1518              	.LASF58:
 1519 0000 62757474 		.ascii	"buttonZ\000"
 1519      6F6E5A00 
 1520              	.LASF65:
 1521 0008 5553424D 		.ascii	"USBMIDI_Start\000"
 1521      4944495F 
 1521      53746172 
 1521      7400
 1522              	.LASF17:
 1523 0016 666C6F61 		.ascii	"float\000"
 1523      7400
 1524              	.LASF40:
 1525 001c 6D696469 		.ascii	"midiOff\000"
 1525      4F666600 
 1526              	.LASF35:
 1527 0024 74696D65 		.ascii	"timeout_error\000"
 1527      6F75745F 
 1527      6572726F 
 1527      7200
 1528              	.LASF51:
 1529 0032 6C617374 		.ascii	"lastJoyY\000"
 1529      4A6F7959 
 1529      00
 1530              	.LASF71:
 1531 003b 43795379 		.ascii	"CySysTickEnable\000"
 1531      73546963 
 1531      6B456E61 
 1531      626C6500 
 1532              	.LASF54:
 1533 004b 6C617374 		.ascii	"lastZ\000"
 1533      5A00
 1534              	.LASF37:
 1535 0051 4932435F 		.ascii	"I2C_Transfer_Status\000"
 1535      5472616E 
 1535      73666572 
 1535      5F537461 
 1535      74757300 
 1536              	.LASF27:
ARM GAS  C:\Users\dhous\AppData\Local\Temp\ccdKloqd.s 			page 30


 1537 0065 6932635F 		.ascii	"i2c_write_xfer_result\000"
 1537      77726974 
 1537      655F7866 
 1537      65725F72 
 1537      6573756C 
 1538              	.LASF2:
 1539 007b 73686F72 		.ascii	"short int\000"
 1539      7420696E 
 1539      7400
 1540              	.LASF21:
 1541 0085 73697A65 		.ascii	"sizetype\000"
 1541      74797065 
 1541      00
 1542              	.LASF81:
 1543 008e 6D61696E 		.ascii	"main\000"
 1543      00
 1544              	.LASF8:
 1545 0093 5F5F7569 		.ascii	"__uint32_t\000"
 1545      6E743332 
 1545      5F7400
 1546              	.LASF50:
 1547 009e 6C617374 		.ascii	"lastJoyX\000"
 1547      4A6F7958 
 1547      00
 1548              	.LASF4:
 1549 00a7 5F5F7569 		.ascii	"__uint16_t\000"
 1549      6E743136 
 1549      5F7400
 1550              	.LASF55:
 1551 00b2 6C617374 		.ascii	"lastC\000"
 1551      4300
 1552              	.LASF52:
 1553 00b8 616E676C 		.ascii	"angles\000"
 1553      657300
 1554              	.LASF61:
 1555 00bf 55415254 		.ascii	"UART_PutString\000"
 1555      5F507574 
 1555      53747269 
 1555      6E6700
 1556              	.LASF43:
 1557 00ce 4932435F 		.ascii	"I2C_status\000"
 1557      73746174 
 1557      757300
 1558              	.LASF13:
 1559 00d9 75696E74 		.ascii	"uint8_t\000"
 1559      385F7400 
 1560              	.LASF62:
 1561 00e1 5553424D 		.ascii	"USBMIDI_PutUsbMidiIn\000"
 1561      4944495F 
 1561      50757455 
 1561      73624D69 
 1561      6469496E 
 1562              	.LASF16:
 1563 00f6 75696E74 		.ascii	"uint32_t\000"
 1563      33325F74 
 1563      00
 1564              	.LASF34:
ARM GAS  C:\Users\dhous\AppData\Local\Temp\ccdKloqd.s 			page 31


 1565 00ff 62797465 		.ascii	"bytes_read\000"
 1565      735F7265 
 1565      616400
 1566              	.LASF74:
 1567 010a 77696963 		.ascii	"wiichuck_print_raw_motion_status\000"
 1567      6875636B 
 1567      5F707269 
 1567      6E745F72 
 1567      61775F6D 
 1568              	.LASF72:
 1569 012b 77696963 		.ascii	"wiichuck_begin\000"
 1569      6875636B 
 1569      5F626567 
 1569      696E00
 1570              	.LASF77:
 1571 013a 433A5C55 		.ascii	"C:\\Users\\dhous\\Documents\\Workspace09\\USBMIDI a"
 1571      73657273 
 1571      5C64686F 
 1571      75735C44 
 1571      6F63756D 
 1572 0168 6E642057 		.ascii	"nd WiiChuck.cydsn\000"
 1572      69694368 
 1572      75636B2E 
 1572      63796473 
 1572      6E00
 1573              	.LASF10:
 1574 017a 6C6F6E67 		.ascii	"long long int\000"
 1574      206C6F6E 
 1574      6720696E 
 1574      7400
 1575              	.LASF60:
 1576 0188 696E6974 		.ascii	"initialization_buffer\000"
 1576      69616C69 
 1576      7A617469 
 1576      6F6E5F62 
 1576      75666665 
 1577              	.LASF19:
 1578 019e 63686172 		.ascii	"char\000"
 1578      00
 1579              	.LASF7:
 1580 01a3 6C6F6E67 		.ascii	"long int\000"
 1580      20696E74 
 1580      00
 1581              	.LASF46:
 1582 01ac 61766572 		.ascii	"averageCounter\000"
 1582      61676543 
 1582      6F756E74 
 1582      657200
 1583              	.LASF28:
 1584 01bb 6932635F 		.ascii	"i2c_read_xfer_result\000"
 1584      72656164 
 1584      5F786665 
 1584      725F7265 
 1584      73756C74 
 1585              	.LASF69:
 1586 01d0 43795379 		.ascii	"CySysTickSetCallback\000"
 1586      73546963 
ARM GAS  C:\Users\dhous\AppData\Local\Temp\ccdKloqd.s 			page 32


 1586      6B536574 
 1586      43616C6C 
 1586      6261636B 
 1587              	.LASF79:
 1588 01e5 73797374 		.ascii	"systick_handler\000"
 1588      69636B5F 
 1588      68616E64 
 1588      6C657200 
 1589              	.LASF67:
 1590 01f5 5553424D 		.ascii	"USBMIDI_Init\000"
 1590      4944495F 
 1590      496E6974 
 1590      00
 1591              	.LASF20:
 1592 0202 6C6F6E67 		.ascii	"long double\000"
 1592      20646F75 
 1592      626C6500 
 1593              	.LASF1:
 1594 020e 756E7369 		.ascii	"unsigned char\000"
 1594      676E6564 
 1594      20636861 
 1594      7200
 1595              	.LASF0:
 1596 021c 7369676E 		.ascii	"signed char\000"
 1596      65642063 
 1596      68617200 
 1597              	.LASF11:
 1598 0228 6C6F6E67 		.ascii	"long long unsigned int\000"
 1598      206C6F6E 
 1598      6720756E 
 1598      7369676E 
 1598      65642069 
 1599              	.LASF48:
 1600 023f 7A65726F 		.ascii	"zeroJoyX\000"
 1600      4A6F7958 
 1600      00
 1601              	.LASF49:
 1602 0248 7A65726F 		.ascii	"zeroJoyY\000"
 1602      4A6F7959 
 1602      00
 1603              	.LASF12:
 1604 0251 756E7369 		.ascii	"unsigned int\000"
 1604      676E6564 
 1604      20696E74 
 1604      00
 1605              	.LASF30:
 1606 025e 72656164 		.ascii	"read_cmd_result\000"
 1606      5F636D64 
 1606      5F726573 
 1606      756C7400 
 1607              	.LASF14:
 1608 026e 75696E74 		.ascii	"uint16_t\000"
 1608      31365F74 
 1608      00
 1609              	.LASF38:
 1610 0277 57696943 		.ascii	"WiiChuck_Status\000"
 1610      6875636B 
ARM GAS  C:\Users\dhous\AppData\Local\Temp\ccdKloqd.s 			page 33


 1610      5F537461 
 1610      74757300 
 1611              	.LASF3:
 1612 0287 5F5F7569 		.ascii	"__uint8_t\000"
 1612      6E74385F 
 1612      7400
 1613              	.LASF29:
 1614 0291 77726974 		.ascii	"write_cmd_result\000"
 1614      655F636D 
 1614      645F7265 
 1614      73756C74 
 1614      00
 1615              	.LASF5:
 1616 02a2 73686F72 		.ascii	"short unsigned int\000"
 1616      7420756E 
 1616      7369676E 
 1616      65642069 
 1616      6E7400
 1617              	.LASF63:
 1618 02b5 5553424D 		.ascii	"USBMIDI_MIDI_IN_Service\000"
 1618      4944495F 
 1618      4D494449 
 1618      5F494E5F 
 1618      53657276 
 1619              	.LASF73:
 1620 02cd 77696963 		.ascii	"wiichuck_get_raw_motion_status\000"
 1620      6875636B 
 1620      5F676574 
 1620      5F726177 
 1620      5F6D6F74 
 1621              	.LASF66:
 1622 02ec 55415254 		.ascii	"UART_Start\000"
 1622      5F537461 
 1622      727400
 1623              	.LASF15:
 1624 02f7 696E7433 		.ascii	"int32_t\000"
 1624      325F7400 
 1625              	.LASF24:
 1626 02ff 4932435F 		.ascii	"I2C_TRANSFER_TYPE_WRITE_READ\000"
 1626      5452414E 
 1626      53464552 
 1626      5F545950 
 1626      455F5752 
 1627              	.LASF36:
 1628 031c 78666572 		.ascii	"xfer_type\000"
 1628      5F747970 
 1628      6500
 1629              	.LASF39:
 1630 0326 6D696469 		.ascii	"midiOn\000"
 1630      4F6E00
 1631              	.LASF33:
 1632 032d 62797465 		.ascii	"bytes_to_read\000"
 1632      735F746F 
 1632      5F726561 
 1632      6400
 1633              	.LASF32:
 1634 033b 62797465 		.ascii	"bytes_written\000"
ARM GAS  C:\Users\dhous\AppData\Local\Temp\ccdKloqd.s 			page 34


 1634      735F7772 
 1634      69747465 
 1634      6E00
 1635              	.LASF80:
 1636 0349 4D494449 		.ascii	"MIDI_test\000"
 1636      5F746573 
 1636      7400
 1637              	.LASF44:
 1638 0353 77696963 		.ascii	"wiichuck_status_request_array\000"
 1638      6875636B 
 1638      5F737461 
 1638      7475735F 
 1638      72657175 
 1639              	.LASF53:
 1640 0371 77696963 		.ascii	"wiichuck_state\000"
 1640      6875636B 
 1640      5F737461 
 1640      746500
 1641              	.LASF76:
 1642 0380 6D61696E 		.ascii	"main.c\000"
 1642      2E6300
 1643              	.LASF9:
 1644 0387 6C6F6E67 		.ascii	"long unsigned int\000"
 1644      20756E73 
 1644      69676E65 
 1644      6420696E 
 1644      7400
 1645              	.LASF18:
 1646 0399 646F7562 		.ascii	"double\000"
 1646      6C6500
 1647              	.LASF22:
 1648 03a0 4932435F 		.ascii	"I2C_TRANSFER_TYPE_UNKNOWN\000"
 1648      5452414E 
 1648      53464552 
 1648      5F545950 
 1648      455F554E 
 1649              	.LASF78:
 1650 03ba 4932435F 		.ascii	"I2C_Transfer_Type\000"
 1650      5472616E 
 1650      73666572 
 1650      5F547970 
 1650      6500
 1651              	.LASF6:
 1652 03cc 5F5F696E 		.ascii	"__int32_t\000"
 1652      7433325F 
 1652      7400
 1653              	.LASF25:
 1654 03d6 4932435F 		.ascii	"I2C_TRANSFER_TYPE_READ\000"
 1654      5452414E 
 1654      53464552 
 1654      5F545950 
 1654      455F5245 
 1655              	.LASF31:
 1656 03ed 62797465 		.ascii	"bytes_to_write\000"
 1656      735F746F 
 1656      5F777269 
 1656      746500
ARM GAS  C:\Users\dhous\AppData\Local\Temp\ccdKloqd.s 			page 35


 1657              	.LASF70:
 1658 03fc 43795379 		.ascii	"CySysTickStart\000"
 1658      73546963 
 1658      6B537461 
 1658      727400
 1659              	.LASF47:
 1660 040b 746F7461 		.ascii	"total\000"
 1660      6C00
 1661              	.LASF59:
 1662 0411 62757474 		.ascii	"buttonC\000"
 1662      6F6E4300 
 1663              	.LASF42:
 1664 0419 6932635F 		.ascii	"i2c_ms_counter\000"
 1664      6D735F63 
 1664      6F756E74 
 1664      657200
 1665              	.LASF45:
 1666 0428 77696963 		.ascii	"wiichuck_status_result_array\000"
 1666      6875636B 
 1666      5F737461 
 1666      7475735F 
 1666      72657375 
 1667              	.LASF41:
 1668 0445 49544D5F 		.ascii	"ITM_RxBuffer\000"
 1668      52784275 
 1668      66666572 
 1668      00
 1669              	.LASF75:
 1670 0452 474E5520 		.ascii	"GNU C11 5.4.1 20160609 (release) [ARM/embedded-5-br"
 1670      43313120 
 1670      352E342E 
 1670      31203230 
 1670      31363036 
 1671 0485 616E6368 		.ascii	"anch revision 237715] -mcpu=cortex-m3 -mthumb -g -O"
 1671      20726576 
 1671      6973696F 
 1671      6E203233 
 1671      37373135 
 1672 04b8 67202D66 		.ascii	"g -ffunction-sections -ffat-lto-objects\000"
 1672      66756E63 
 1672      74696F6E 
 1672      2D736563 
 1672      74696F6E 
 1673              	.LASF64:
 1674 04e0 43794465 		.ascii	"CyDelay\000"
 1674      6C617900 
 1675              	.LASF56:
 1676 04e8 6A6F7958 		.ascii	"joyX\000"
 1676      00
 1677              	.LASF57:
 1678 04ed 6A6F7959 		.ascii	"joyY\000"
 1678      00
 1679              	.LASF68:
 1680 04f2 4932435F 		.ascii	"I2C_Start\000"
 1680      53746172 
 1680      7400
 1681              	.LASF26:
ARM GAS  C:\Users\dhous\AppData\Local\Temp\ccdKloqd.s 			page 36


 1682 04fc 636F756E 		.ascii	"counter_value\000"
 1682      7465725F 
 1682      76616C75 
 1682      6500
 1683              	.LASF23:
 1684 050a 4932435F 		.ascii	"I2C_TRANSFER_TYPE_WRITE\000"
 1684      5452414E 
 1684      53464552 
 1684      5F545950 
 1684      455F5752 
 1685              		.ident	"GCC: (GNU Tools for ARM Embedded Processors) 5.4.1 20160609 (release) [ARM/embedded-5-bran
